Starting App using Java 1.8.0_151 on DESKTOP-AGBUJPR with PID 18576 (D:\IdeaProject\gmail\gmail-logger\target\classes started by Machenike in D:\IdeaProject\gmail)
No active profile set, falling back to default profiles: default
For Jackson Kotlin classes support please add "com.fasterxml.jackson.module:jackson-module-kotlin" to the classpath
Bootstrapping Spring Data Elasticsearch repositories in DEFAULT mode.
Finished Spring Data repository scanning in 7 ms. Found 0 Elasticsearch repository interfaces.
Bootstrapping Spring Data Reactive Elasticsearch repositories in DEFAULT mode.
Finished Spring Data repository scanning in 2 ms. Found 0 Reactive Elasticsearch repository interfaces.
Tomcat initialized with port(s): 8005 (http)
Initializing ProtocolHandler ["http-nio-8005"]
Starting service [Tomcat]
Starting Servlet engine: [Apache Tomcat/9.0.46]
An older version [1.2.21] of the Apache Tomcat Native library is installed, while Tomcat recommends a minimum version of [1.2.23]
Loaded Apache Tomcat Native library [1.2.21] using APR version [1.6.5].
APR capabilities: IPv6 [true], sendfile [true], accept filters [false], random [true].
APR/OpenSSL configuration: useAprConnector [false], useOpenSSL [true]
OpenSSL successfully initialized [OpenSSL 1.0.2q  20 Nov 2018]
Initializing Spring embedded WebApplicationContext
Root WebApplicationContext: initialization completed in 2558 ms
Exception encountered during context initialization - cancelling refresh attempt: org.springframework.beans.factory.BeanCreationException: Error creating bean with name 'currentLimitHandler': Injection of resource dependencies failed; nested exception is org.springframework.beans.factory.NoSuchBeanDefinitionException: No qualifying bean of type 'java.util.concurrent.ThreadPoolExecutor' available: expected at least 1 bean which qualifies as autowire candidate. Dependency annotations: {@javax.annotation.Resource(shareable=true, lookup=, name=, description=, authenticationType=CONTAINER, type=class java.lang.Object, mappedName=)}
Stopping service [Tomcat]


Error starting ApplicationContext. To display the conditions report re-run your application with 'debug' enabled.


***************************
APPLICATION FAILED TO START
***************************

Description:

A component required a bean of type 'java.util.concurrent.ThreadPoolExecutor' that could not be found.


Action:

Consider defining a bean of type 'java.util.concurrent.ThreadPoolExecutor' in your configuration.

Starting App using Java 1.8.0_151 on DESKTOP-AGBUJPR with PID 20464 (D:\IdeaProject\gmail\gmail-logger\target\classes started by Machenike in D:\IdeaProject\gmail)
No active profile set, falling back to default profiles: default
For Jackson Kotlin classes support please add "com.fasterxml.jackson.module:jackson-module-kotlin" to the classpath
Bootstrapping Spring Data Elasticsearch repositories in DEFAULT mode.
Finished Spring Data repository scanning in 7 ms. Found 0 Elasticsearch repository interfaces.
Bootstrapping Spring Data Reactive Elasticsearch repositories in DEFAULT mode.
Finished Spring Data repository scanning in 2 ms. Found 0 Reactive Elasticsearch repository interfaces.
Tomcat initialized with port(s): 8005 (http)
Initializing ProtocolHandler ["http-nio-8005"]
Starting service [Tomcat]
Starting Servlet engine: [Apache Tomcat/9.0.46]
An older version [1.2.21] of the Apache Tomcat Native library is installed, while Tomcat recommends a minimum version of [1.2.23]
Loaded Apache Tomcat Native library [1.2.21] using APR version [1.6.5].
APR capabilities: IPv6 [true], sendfile [true], accept filters [false], random [true].
APR/OpenSSL configuration: useAprConnector [false], useOpenSSL [true]
OpenSSL successfully initialized [OpenSSL 1.0.2q  20 Nov 2018]
Initializing Spring embedded WebApplicationContext
Root WebApplicationContext: initialization completed in 2366 ms
Exception encountered during context initialization - cancelling refresh attempt: org.springframework.beans.factory.BeanCreationException: Error creating bean with name 'currentLimitHandler': Injection of resource dependencies failed; nested exception is org.springframework.beans.factory.NoSuchBeanDefinitionException: No qualifying bean of type 'java.util.concurrent.ThreadPoolExecutor' available: expected at least 1 bean which qualifies as autowire candidate. Dependency annotations: {@javax.annotation.Resource(shareable=true, lookup=, name=, description=, authenticationType=CONTAINER, type=class java.lang.Object, mappedName=)}
Stopping service [Tomcat]


Error starting ApplicationContext. To display the conditions report re-run your application with 'debug' enabled.


***************************
APPLICATION FAILED TO START
***************************

Description:

A component required a bean of type 'java.util.concurrent.ThreadPoolExecutor' that could not be found.


Action:

Consider defining a bean of type 'java.util.concurrent.ThreadPoolExecutor' in your configuration.

Starting App using Java 1.8.0_151 on DESKTOP-AGBUJPR with PID 7828 (D:\IdeaProject\gmail\gmail-logger\target\classes started by Machenike in D:\IdeaProject\gmail)
No active profile set, falling back to default profiles: default
For Jackson Kotlin classes support please add "com.fasterxml.jackson.module:jackson-module-kotlin" to the classpath
Bootstrapping Spring Data Elasticsearch repositories in DEFAULT mode.
Finished Spring Data repository scanning in 8 ms. Found 0 Elasticsearch repository interfaces.
Bootstrapping Spring Data Reactive Elasticsearch repositories in DEFAULT mode.
Finished Spring Data repository scanning in 2 ms. Found 0 Reactive Elasticsearch repository interfaces.
Tomcat initialized with port(s): 8005 (http)
Initializing ProtocolHandler ["http-nio-8005"]
Starting service [Tomcat]
Starting Servlet engine: [Apache Tomcat/9.0.46]
An older version [1.2.21] of the Apache Tomcat Native library is installed, while Tomcat recommends a minimum version of [1.2.23]
Loaded Apache Tomcat Native library [1.2.21] using APR version [1.6.5].
APR capabilities: IPv6 [true], sendfile [true], accept filters [false], random [true].
APR/OpenSSL configuration: useAprConnector [false], useOpenSSL [true]
OpenSSL successfully initialized [OpenSSL 1.0.2q  20 Nov 2018]
Initializing Spring embedded WebApplicationContext
Root WebApplicationContext: initialization completed in 2543 ms
Init DruidDataSource
{dataSource-1} inited
Version Spring Data Elasticsearch: 4.2.1
Version Elasticsearch Client in build: 7.12.1
Version Elasticsearch Client used: 7.12.1
Starting ProtocolHandler ["http-nio-8005"]
Tomcat started on port(s): 8005 (http) with context path ''
Started App in 10.815 seconds (JVM running for 12.893)
Application availability state LivenessState changed to CORRECT
Application availability state ReadinessState changed to ACCEPTING_TRAFFIC
Initializing Spring DispatcherServlet 'dispatcherServlet'
Initializing Servlet 'dispatcherServlet'
Completed initialization in 1 ms
name :	77
Starting App using Java 1.8.0_151 on DESKTOP-AGBUJPR with PID 17516 (D:\IdeaProject\gmail\gmail-logger\target\classes started by Machenike in D:\IdeaProject\gmail)
No active profile set, falling back to default profiles: default
For Jackson Kotlin classes support please add "com.fasterxml.jackson.module:jackson-module-kotlin" to the classpath
Bootstrapping Spring Data Elasticsearch repositories in DEFAULT mode.
Finished Spring Data repository scanning in 6 ms. Found 0 Elasticsearch repository interfaces.
Bootstrapping Spring Data Reactive Elasticsearch repositories in DEFAULT mode.
Finished Spring Data repository scanning in 2 ms. Found 0 Reactive Elasticsearch repository interfaces.
Tomcat initialized with port(s): 8005 (http)
Initializing ProtocolHandler ["http-nio-8005"]
Starting service [Tomcat]
Starting Servlet engine: [Apache Tomcat/9.0.46]
An older version [1.2.21] of the Apache Tomcat Native library is installed, while Tomcat recommends a minimum version of [1.2.23]
Loaded Apache Tomcat Native library [1.2.21] using APR version [1.6.5].
APR capabilities: IPv6 [true], sendfile [true], accept filters [false], random [true].
APR/OpenSSL configuration: useAprConnector [false], useOpenSSL [true]
OpenSSL successfully initialized [OpenSSL 1.0.2q  20 Nov 2018]
Initializing Spring embedded WebApplicationContext
Root WebApplicationContext: initialization completed in 2368 ms
Init DruidDataSource
{dataSource-1} inited
Version Spring Data Elasticsearch: 4.2.1
Version Elasticsearch Client in build: 7.12.1
Version Elasticsearch Client used: 7.12.1
Starting ProtocolHandler ["http-nio-8005"]
Tomcat started on port(s): 8005 (http) with context path ''
Started App in 10.202 seconds (JVM running for 12.102)
Application availability state LivenessState changed to CORRECT
Application availability state ReadinessState changed to ACCEPTING_TRAFFIC
Initializing Spring DispatcherServlet 'dispatcherServlet'
Initializing Servlet 'dispatcherServlet'
Completed initialization in 0 ms
name :	58
name :	58	over...
name :	60
name :	60	over...
name :	61
name :	61	over...
name :	63
name :	63	over...
name :	65
name :	65	over...
name :	67
name :	67	over...
name :	60
name :	60	over...
name :	61
name :	61	over...
name :	63
name :	63	over...
name :	65
name :	65	over...
name :	67
name :	67	over...
name :	60
name :	60	over...
name :	61
name :	61	over...
name :	63
name :	63	over...
name :	65
name :	65	over...
name :	67
name :	67	over...
name :	60
name :	60	over...
name :	61
name :	61	over...
Starting App using Java 1.8.0_151 on DESKTOP-AGBUJPR with PID 17988 (D:\IdeaProject\gmail\gmail-logger\target\classes started by Machenike in D:\IdeaProject\gmail)
No active profile set, falling back to default profiles: default
For Jackson Kotlin classes support please add "com.fasterxml.jackson.module:jackson-module-kotlin" to the classpath
Bootstrapping Spring Data Elasticsearch repositories in DEFAULT mode.
Finished Spring Data repository scanning in 7 ms. Found 0 Elasticsearch repository interfaces.
Bootstrapping Spring Data Reactive Elasticsearch repositories in DEFAULT mode.
Finished Spring Data repository scanning in 2 ms. Found 0 Reactive Elasticsearch repository interfaces.
Tomcat initialized with port(s): 8005 (http)
Initializing ProtocolHandler ["http-nio-8005"]
Starting service [Tomcat]
Starting Servlet engine: [Apache Tomcat/9.0.46]
An older version [1.2.21] of the Apache Tomcat Native library is installed, while Tomcat recommends a minimum version of [1.2.23]
Loaded Apache Tomcat Native library [1.2.21] using APR version [1.6.5].
APR capabilities: IPv6 [true], sendfile [true], accept filters [false], random [true].
APR/OpenSSL configuration: useAprConnector [false], useOpenSSL [true]
OpenSSL successfully initialized [OpenSSL 1.0.2q  20 Nov 2018]
Initializing Spring embedded WebApplicationContext
Root WebApplicationContext: initialization completed in 2387 ms
Init DruidDataSource
{dataSource-1} inited
Version Spring Data Elasticsearch: 4.2.1
Version Elasticsearch Client in build: 7.12.1
Version Elasticsearch Client used: 7.12.1
Starting ProtocolHandler ["http-nio-8005"]
Tomcat started on port(s): 8005 (http) with context path ''
Started App in 9.057 seconds (JVM running for 10.794)
Application availability state LivenessState changed to CORRECT
Application availability state ReadinessState changed to ACCEPTING_TRAFFIC
Initializing Spring DispatcherServlet 'dispatcherServlet'
Initializing Servlet 'dispatcherServlet'
Completed initialization in 1 ms
name :	56
name :	56	over...
name :	59
name :	59	over...
name :	60
name :	60	over...
name :	61
name :	61	over...
name :	63
name :	63	over...
name :	65
name :	65	over...
name :	59
name :	59	over...
name :	60
name :	60	over...
name :	61
name :	61	over...
Starting App using Java 1.8.0_151 on DESKTOP-AGBUJPR with PID 20324 (D:\IdeaProject\gmail\gmail-logger\target\classes started by Machenike in D:\IdeaProject\gmail)
No active profile set, falling back to default profiles: default
For Jackson Kotlin classes support please add "com.fasterxml.jackson.module:jackson-module-kotlin" to the classpath
Bootstrapping Spring Data Elasticsearch repositories in DEFAULT mode.
Finished Spring Data repository scanning in 7 ms. Found 0 Elasticsearch repository interfaces.
Bootstrapping Spring Data Reactive Elasticsearch repositories in DEFAULT mode.
Finished Spring Data repository scanning in 2 ms. Found 0 Reactive Elasticsearch repository interfaces.
Tomcat initialized with port(s): 8005 (http)
Initializing ProtocolHandler ["http-nio-8005"]
Starting service [Tomcat]
Starting Servlet engine: [Apache Tomcat/9.0.46]
An older version [1.2.21] of the Apache Tomcat Native library is installed, while Tomcat recommends a minimum version of [1.2.23]
Loaded Apache Tomcat Native library [1.2.21] using APR version [1.6.5].
APR capabilities: IPv6 [true], sendfile [true], accept filters [false], random [true].
APR/OpenSSL configuration: useAprConnector [false], useOpenSSL [true]
OpenSSL successfully initialized [OpenSSL 1.0.2q  20 Nov 2018]
Initializing Spring embedded WebApplicationContext
Root WebApplicationContext: initialization completed in 2297 ms
Init DruidDataSource
{dataSource-1} inited
Version Spring Data Elasticsearch: 4.2.1
Version Elasticsearch Client in build: 7.12.1
Version Elasticsearch Client used: 7.12.1
Starting ProtocolHandler ["http-nio-8005"]
Tomcat started on port(s): 8005 (http) with context path ''
Started App in 9.067 seconds (JVM running for 10.82)
Application availability state LivenessState changed to CORRECT
Application availability state ReadinessState changed to ACCEPTING_TRAFFIC
Initializing Spring DispatcherServlet 'dispatcherServlet'
Initializing Servlet 'dispatcherServlet'
Completed initialization in 1 ms
name :	54
name :	54	over...
name :	55
name :	55	over...
name :	60
name :	60	over...
name :	59
name :	59	over...
name :	61
name :	61	over...
name :	63
name :	63	over...
name :	55
name :	55	over...
name :	60
name :	60	over...
name :	59
name :	59	over...
name :	61
name :	61	over...
name :	63
name :	63	over...
name :	55
name :	55	over...
name :	60
name :	60	over...
name :	59
name :	59	over...
Starting App using Java 1.8.0_151 on DESKTOP-AGBUJPR with PID 18844 (D:\IdeaProject\gmail\gmail-logger\target\classes started by Machenike in D:\IdeaProject\gmail)
No active profile set, falling back to default profiles: default
For Jackson Kotlin classes support please add "com.fasterxml.jackson.module:jackson-module-kotlin" to the classpath
Bootstrapping Spring Data Elasticsearch repositories in DEFAULT mode.
Finished Spring Data repository scanning in 7 ms. Found 0 Elasticsearch repository interfaces.
Bootstrapping Spring Data Reactive Elasticsearch repositories in DEFAULT mode.
Finished Spring Data repository scanning in 2 ms. Found 0 Reactive Elasticsearch repository interfaces.
Tomcat initialized with port(s): 8005 (http)
Initializing ProtocolHandler ["http-nio-8005"]
Starting service [Tomcat]
Starting Servlet engine: [Apache Tomcat/9.0.46]
An older version [1.2.21] of the Apache Tomcat Native library is installed, while Tomcat recommends a minimum version of [1.2.23]
Loaded Apache Tomcat Native library [1.2.21] using APR version [1.6.5].
APR capabilities: IPv6 [true], sendfile [true], accept filters [false], random [true].
APR/OpenSSL configuration: useAprConnector [false], useOpenSSL [true]
OpenSSL successfully initialized [OpenSSL 1.0.2q  20 Nov 2018]
Initializing Spring embedded WebApplicationContext
Root WebApplicationContext: initialization completed in 2309 ms
Init DruidDataSource
{dataSource-1} inited
Version Spring Data Elasticsearch: 4.2.1
Version Elasticsearch Client in build: 7.12.1
Version Elasticsearch Client used: 7.12.1
Starting ProtocolHandler ["http-nio-8005"]
Tomcat started on port(s): 8005 (http) with context path ''
Started App in 9.05 seconds (JVM running for 10.983)
Application availability state LivenessState changed to CORRECT
Application availability state ReadinessState changed to ACCEPTING_TRAFFIC
Initializing Spring DispatcherServlet 'dispatcherServlet'
Initializing Servlet 'dispatcherServlet'
Completed initialization in 1 ms
name :	56
name :	57
name :	56	over...
name :	58
name :	57	over...
name :	59
name :	64
name :	58	over...
name :	59	over...
name :	61
name :	64	over...
name :	62
name :	63
name :	61	over...
name :	60
name :	62	over...
name :	65
name :	63	over...
name :	56
name :	60	over...
name :	57
name :	65	over...
name :	58
name :	56	over...
name :	59
name :	57	over...
name :	64
name :	58	over...
name :	59	over...
name :	64	over...
name :	61
name :	61	over...
name :	62
name :	63
name :	62	over...
name :	60
name :	65
name :	63	over...
name :	56
name :	60	over...
name :	57
name :	65	over...
name :	58
name :	56	over...
name :	57	over...
name :	58	over...
Starting App using Java 1.8.0_151 on DESKTOP-AGBUJPR with PID 19904 (D:\IdeaProject\gmail\gmail-logger\target\classes started by Machenike in D:\IdeaProject\gmail)
No active profile set, falling back to default profiles: default
For Jackson Kotlin classes support please add "com.fasterxml.jackson.module:jackson-module-kotlin" to the classpath
Bootstrapping Spring Data Elasticsearch repositories in DEFAULT mode.
Finished Spring Data repository scanning in 7 ms. Found 0 Elasticsearch repository interfaces.
Bootstrapping Spring Data Reactive Elasticsearch repositories in DEFAULT mode.
Finished Spring Data repository scanning in 2 ms. Found 0 Reactive Elasticsearch repository interfaces.
Tomcat initialized with port(s): 8005 (http)
Initializing ProtocolHandler ["http-nio-8005"]
Starting service [Tomcat]
Starting Servlet engine: [Apache Tomcat/9.0.46]
An older version [1.2.21] of the Apache Tomcat Native library is installed, while Tomcat recommends a minimum version of [1.2.23]
Loaded Apache Tomcat Native library [1.2.21] using APR version [1.6.5].
APR capabilities: IPv6 [true], sendfile [true], accept filters [false], random [true].
APR/OpenSSL configuration: useAprConnector [false], useOpenSSL [true]
OpenSSL successfully initialized [OpenSSL 1.0.2q  20 Nov 2018]
Initializing Spring embedded WebApplicationContext
Root WebApplicationContext: initialization completed in 2406 ms
Init DruidDataSource
{dataSource-1} inited
Version Spring Data Elasticsearch: 4.2.1
Version Elasticsearch Client in build: 7.12.1
Version Elasticsearch Client used: 7.12.1
Starting ProtocolHandler ["http-nio-8005"]
Tomcat started on port(s): 8005 (http) with context path ''
Started App in 9.43 seconds (JVM running for 11.272)
Application availability state LivenessState changed to CORRECT
Application availability state ReadinessState changed to ACCEPTING_TRAFFIC
Initializing Spring DispatcherServlet 'dispatcherServlet'
Initializing Servlet 'dispatcherServlet'
Completed initialization in 0 ms
name :	56
name :	56	over...
name :	57
name :	57	over...
name :	64
name :	64	over...
name :	61
name :	61	over...
name :	63
name :	63	over...
Starting App using Java 1.8.0_151 on DESKTOP-AGBUJPR with PID 16612 (D:\IdeaProject\gmail\gmail-logger\target\classes started by Machenike in D:\IdeaProject\gmail)
No active profile set, falling back to default profiles: default
For Jackson Kotlin classes support please add "com.fasterxml.jackson.module:jackson-module-kotlin" to the classpath
Bootstrapping Spring Data Elasticsearch repositories in DEFAULT mode.
Finished Spring Data repository scanning in 7 ms. Found 0 Elasticsearch repository interfaces.
Bootstrapping Spring Data Reactive Elasticsearch repositories in DEFAULT mode.
Finished Spring Data repository scanning in 2 ms. Found 0 Reactive Elasticsearch repository interfaces.
Tomcat initialized with port(s): 8005 (http)
Initializing ProtocolHandler ["http-nio-8005"]
Starting service [Tomcat]
Starting Servlet engine: [Apache Tomcat/9.0.46]
An older version [1.2.21] of the Apache Tomcat Native library is installed, while Tomcat recommends a minimum version of [1.2.23]
Loaded Apache Tomcat Native library [1.2.21] using APR version [1.6.5].
APR capabilities: IPv6 [true], sendfile [true], accept filters [false], random [true].
APR/OpenSSL configuration: useAprConnector [false], useOpenSSL [true]
OpenSSL successfully initialized [OpenSSL 1.0.2q  20 Nov 2018]
Initializing Spring embedded WebApplicationContext
Root WebApplicationContext: initialization completed in 2319 ms
Init DruidDataSource
{dataSource-1} inited
Version Spring Data Elasticsearch: 4.2.1
Version Elasticsearch Client in build: 7.12.1
Version Elasticsearch Client used: 7.12.1
Starting ProtocolHandler ["http-nio-8005"]
Tomcat started on port(s): 8005 (http) with context path ''
Started App in 8.818 seconds (JVM running for 10.536)
Application availability state LivenessState changed to CORRECT
Application availability state ReadinessState changed to ACCEPTING_TRAFFIC
Initializing Spring DispatcherServlet 'dispatcherServlet'
Initializing Servlet 'dispatcherServlet'
Completed initialization in 1 ms
name :	56
name :	56	over...
Starting App using Java 1.8.0_151 on DESKTOP-AGBUJPR with PID 11048 (D:\IdeaProject\gmail\gmail-logger\target\classes started by Machenike in D:\IdeaProject\gmail)
No active profile set, falling back to default profiles: default
For Jackson Kotlin classes support please add "com.fasterxml.jackson.module:jackson-module-kotlin" to the classpath
Bootstrapping Spring Data Elasticsearch repositories in DEFAULT mode.
Finished Spring Data repository scanning in 6 ms. Found 0 Elasticsearch repository interfaces.
Bootstrapping Spring Data Reactive Elasticsearch repositories in DEFAULT mode.
Finished Spring Data repository scanning in 2 ms. Found 0 Reactive Elasticsearch repository interfaces.
Tomcat initialized with port(s): 8005 (http)
Initializing ProtocolHandler ["http-nio-8005"]
Starting service [Tomcat]
Starting Servlet engine: [Apache Tomcat/9.0.46]
An older version [1.2.21] of the Apache Tomcat Native library is installed, while Tomcat recommends a minimum version of [1.2.23]
Loaded Apache Tomcat Native library [1.2.21] using APR version [1.6.5].
APR capabilities: IPv6 [true], sendfile [true], accept filters [false], random [true].
APR/OpenSSL configuration: useAprConnector [false], useOpenSSL [true]
OpenSSL successfully initialized [OpenSSL 1.0.2q  20 Nov 2018]
Initializing Spring embedded WebApplicationContext
Root WebApplicationContext: initialization completed in 2288 ms
Init DruidDataSource
{dataSource-1} inited
Version Spring Data Elasticsearch: 4.2.1
Version Elasticsearch Client in build: 7.12.1
Version Elasticsearch Client used: 7.12.1
Starting ProtocolHandler ["http-nio-8005"]
Tomcat started on port(s): 8005 (http) with context path ''
Started App in 8.969 seconds (JVM running for 10.671)
Application availability state LivenessState changed to CORRECT
Application availability state ReadinessState changed to ACCEPTING_TRAFFIC
Initializing Spring DispatcherServlet 'dispatcherServlet'
Initializing Servlet 'dispatcherServlet'
Completed initialization in 1 ms
name :	69
name :	73
name :	74
name :	78
name :	79
name :	69	over...
name :	73	over...
name :	74	over...
name :	78	over...
name :	79	over...
Starting App using Java 1.8.0_151 on DESKTOP-AGBUJPR with PID 7292 (D:\IdeaProject\gmail\gmail-logger\target\classes started by Machenike in D:\IdeaProject\gmail)
No active profile set, falling back to default profiles: default
For Jackson Kotlin classes support please add "com.fasterxml.jackson.module:jackson-module-kotlin" to the classpath
Bootstrapping Spring Data Elasticsearch repositories in DEFAULT mode.
Finished Spring Data repository scanning in 9 ms. Found 0 Elasticsearch repository interfaces.
Bootstrapping Spring Data Reactive Elasticsearch repositories in DEFAULT mode.
Finished Spring Data repository scanning in 2 ms. Found 0 Reactive Elasticsearch repository interfaces.
Tomcat initialized with port(s): 8005 (http)
Initializing ProtocolHandler ["http-nio-8005"]
Starting service [Tomcat]
Starting Servlet engine: [Apache Tomcat/9.0.46]
An older version [1.2.21] of the Apache Tomcat Native library is installed, while Tomcat recommends a minimum version of [1.2.23]
Loaded Apache Tomcat Native library [1.2.21] using APR version [1.6.5].
APR capabilities: IPv6 [true], sendfile [true], accept filters [false], random [true].
APR/OpenSSL configuration: useAprConnector [false], useOpenSSL [true]
OpenSSL successfully initialized [OpenSSL 1.0.2q  20 Nov 2018]
Initializing Spring embedded WebApplicationContext
Root WebApplicationContext: initialization completed in 2372 ms
Init DruidDataSource
{dataSource-1} inited
Version Spring Data Elasticsearch: 4.2.1
Version Elasticsearch Client in build: 7.12.1
Version Elasticsearch Client used: 7.12.1
Starting ProtocolHandler ["http-nio-8005"]
Tomcat started on port(s): 8005 (http) with context path ''
Started App in 8.826 seconds (JVM running for 10.478)
Application availability state LivenessState changed to CORRECT
Application availability state ReadinessState changed to ACCEPTING_TRAFFIC
Initializing Spring DispatcherServlet 'dispatcherServlet'
Initializing Servlet 'dispatcherServlet'
Completed initialization in 0 ms
name :	74
name :	75
name :	76
name :	77
name :	78
name :	74	over...
name :	79
name :	75	over...
name :	76	over...
name :	77	over...
name :	78	over...
name :	80
name :	81
name :	82
name :	83
name :	79	over...
name :	84
name :	80	over...
name :	85
name :	81	over...
name :	82	over...
name :	83	over...
name :	84	over...
name :	74
name :	75
name :	76
name :	77
name :	85	over...
name :	85
name :	74	over...
name :	79
name :	75	over...
name :	75
name :	76	over...
name :	77	over...
name :	81
name :	82
name :	85	over...
name :	85
name :	79	over...
name :	75	over...
name :	81	over...
name :	82	over...
name :	85	over...
Starting App using Java 1.8.0_151 on DESKTOP-AGBUJPR with PID 20104 (D:\IdeaProject\gmail\gmail-logger\target\classes started by Machenike in D:\IdeaProject\gmail)
No active profile set, falling back to default profiles: default
For Jackson Kotlin classes support please add "com.fasterxml.jackson.module:jackson-module-kotlin" to the classpath
Bootstrapping Spring Data Elasticsearch repositories in DEFAULT mode.
Finished Spring Data repository scanning in 7 ms. Found 0 Elasticsearch repository interfaces.
Bootstrapping Spring Data Reactive Elasticsearch repositories in DEFAULT mode.
Finished Spring Data repository scanning in 2 ms. Found 0 Reactive Elasticsearch repository interfaces.
Tomcat initialized with port(s): 8005 (http)
Initializing ProtocolHandler ["http-nio-8005"]
Starting service [Tomcat]
Starting Servlet engine: [Apache Tomcat/9.0.46]
An older version [1.2.21] of the Apache Tomcat Native library is installed, while Tomcat recommends a minimum version of [1.2.23]
Loaded Apache Tomcat Native library [1.2.21] using APR version [1.6.5].
APR capabilities: IPv6 [true], sendfile [true], accept filters [false], random [true].
APR/OpenSSL configuration: useAprConnector [false], useOpenSSL [true]
OpenSSL successfully initialized [OpenSSL 1.0.2q  20 Nov 2018]
Initializing Spring embedded WebApplicationContext
Root WebApplicationContext: initialization completed in 2238 ms
Init DruidDataSource
{dataSource-1} inited
Version Spring Data Elasticsearch: 4.2.1
Version Elasticsearch Client in build: 7.12.1
Version Elasticsearch Client used: 7.12.1
Starting ProtocolHandler ["http-nio-8005"]
Tomcat started on port(s): 8005 (http) with context path ''
Started App in 9.794 seconds (JVM running for 11.495)
Application availability state LivenessState changed to CORRECT
Application availability state ReadinessState changed to ACCEPTING_TRAFFIC
Initializing Spring DispatcherServlet 'dispatcherServlet'
Initializing Servlet 'dispatcherServlet'
Completed initialization in 1 ms
Unexpected exception occurred invoking async method: public void com.yy.service.aspect.MyAspect.say() throws java.lang.InterruptedException
java.lang.NullPointerException: null
	at java.util.concurrent.LinkedBlockingQueue.put(LinkedBlockingQueue.java:332)
	at com.yy.service.aspect.MyAspect.say(MyAspect.java:55)
	at com.yy.service.aspect.MyAspect$$FastClassBySpringCGLIB$$ab4a50a0.invoke(<generated>)
	at org.springframework.cglib.proxy.MethodProxy.invoke(MethodProxy.java:218)
	at org.springframework.aop.framework.CglibAopProxy$CglibMethodInvocation.invokeJoinpoint(CglibAopProxy.java:779)
	at org.springframework.aop.framework.ReflectiveMethodInvocation.proceed(ReflectiveMethodInvocation.java:163)
	at org.springframework.aop.framework.CglibAopProxy$CglibMethodInvocation.proceed(CglibAopProxy.java:750)
	at org.springframework.aop.interceptor.AsyncExecutionInterceptor.lambda$invoke$0(AsyncExecutionInterceptor.java:115)
	at java.util.concurrent.FutureTask.run(FutureTask.java:266)
	at java.util.concurrent.ThreadPoolExecutor.runWorker(ThreadPoolExecutor.java:1149)
	at java.util.concurrent.ThreadPoolExecutor$Worker.run(ThreadPoolExecutor.java:624)
	at java.lang.Thread.run(Thread.java:748)
Starting App using Java 1.8.0_151 on DESKTOP-AGBUJPR with PID 16532 (D:\IdeaProject\gmail\gmail-logger\target\classes started by Machenike in D:\IdeaProject\gmail)
No active profile set, falling back to default profiles: default
For Jackson Kotlin classes support please add "com.fasterxml.jackson.module:jackson-module-kotlin" to the classpath
Bootstrapping Spring Data Elasticsearch repositories in DEFAULT mode.
Finished Spring Data repository scanning in 7 ms. Found 0 Elasticsearch repository interfaces.
Bootstrapping Spring Data Reactive Elasticsearch repositories in DEFAULT mode.
Finished Spring Data repository scanning in 2 ms. Found 0 Reactive Elasticsearch repository interfaces.
Tomcat initialized with port(s): 8005 (http)
Initializing ProtocolHandler ["http-nio-8005"]
Starting service [Tomcat]
Starting Servlet engine: [Apache Tomcat/9.0.46]
An older version [1.2.21] of the Apache Tomcat Native library is installed, while Tomcat recommends a minimum version of [1.2.23]
Loaded Apache Tomcat Native library [1.2.21] using APR version [1.6.5].
APR capabilities: IPv6 [true], sendfile [true], accept filters [false], random [true].
APR/OpenSSL configuration: useAprConnector [false], useOpenSSL [true]
OpenSSL successfully initialized [OpenSSL 1.0.2q  20 Nov 2018]
Initializing Spring embedded WebApplicationContext
Root WebApplicationContext: initialization completed in 2235 ms
Init DruidDataSource
{dataSource-1} inited
Version Spring Data Elasticsearch: 4.2.1
Version Elasticsearch Client in build: 7.12.1
Version Elasticsearch Client used: 7.12.1
Starting ProtocolHandler ["http-nio-8005"]
Tomcat started on port(s): 8005 (http) with context path ''
Started App in 8.683 seconds (JVM running for 10.351)
Application availability state LivenessState changed to CORRECT
Application availability state ReadinessState changed to ACCEPTING_TRAFFIC
Initializing Spring DispatcherServlet 'dispatcherServlet'
Initializing Servlet 'dispatcherServlet'
Completed initialization in 0 ms
name :	75
name :	76
name :	77
name :	78
name :	79
name :	75	over...
name :	80
name :	76	over...
name :	81
name :	77	over...
name :	82
name :	78	over...
name :	83
name :	79	over...
name :	80	over...
name :	81	over...
name :	82	over...
name :	83	over...
name :	84
name :	85
name :	86
name :	75
name :	76
name :	84	over...
name :	77
name :	85	over...
name :	78
name :	86	over...
name :	79
name :	75	over...
name :	76	over...
name :	77	over...
name :	78	over...
name :	79	over...
