Starting App using Java 1.8.0_151 on DESKTOP-AGBUJPR with PID 21356 (D:\IdeaProject\gmail\gmail-logger\target\classes started by Machenike in D:\IdeaProject\gmail)
No active profile set, falling back to default profiles: default
For Jackson Kotlin classes support please add "com.fasterxml.jackson.module:jackson-module-kotlin" to the classpath
Bootstrapping Spring Data Elasticsearch repositories in DEFAULT mode.
Finished Spring Data repository scanning in 6 ms. Found 0 Elasticsearch repository interfaces.
Bootstrapping Spring Data Reactive Elasticsearch repositories in DEFAULT mode.
Finished Spring Data repository scanning in 1 ms. Found 0 Reactive Elasticsearch repository interfaces.
Tomcat initialized with port(s): 8005 (http)
Initializing ProtocolHandler ["http-nio-8005"]
Starting service [Tomcat]
Starting Servlet engine: [Apache Tomcat/9.0.46]
An older version [1.2.21] of the Apache Tomcat Native library is installed, while Tomcat recommends a minimum version of [1.2.23]
Loaded Apache Tomcat Native library [1.2.21] using APR version [1.6.5].
APR capabilities: IPv6 [true], sendfile [true], accept filters [false], random [true].
APR/OpenSSL configuration: useAprConnector [false], useOpenSSL [true]
OpenSSL successfully initialized [OpenSSL 1.0.2q  20 Nov 2018]
Initializing Spring embedded WebApplicationContext
Root WebApplicationContext: initialization completed in 2428 ms
Init DruidDataSource
{dataSource-1} inited
Version Spring Data Elasticsearch: 4.2.1
Version Elasticsearch Client in build: 7.12.1
Version Elasticsearch Client used: 7.12.1
Starting ProtocolHandler ["http-nio-8005"]
Tomcat started on port(s): 8005 (http) with context path ''
Started App in 10.085 seconds (JVM running for 11.998)
Application availability state LivenessState changed to CORRECT
Application availability state ReadinessState changed to ACCEPTING_TRAFFIC
Initializing Spring DispatcherServlet 'dispatcherServlet'
Initializing Servlet 'dispatcherServlet'
Completed initialization in 1 ms
Servlet.service() for servlet [dispatcherServlet] in context with path [] threw exception [Request processing failed; nested exception is java.lang.IllegalArgumentException: Can't get Kerberos realm] with root cause
sun.security.krb5.KrbException: Cannot locate default realm
	at sun.security.krb5.Config.getDefaultRealm(Config.java:1029)
	at sun.reflect.NativeMethodAccessorImpl.invoke0(Native Method)
	at sun.reflect.NativeMethodAccessorImpl.invoke(NativeMethodAccessorImpl.java:62)
	at sun.reflect.DelegatingMethodAccessorImpl.invoke(DelegatingMethodAccessorImpl.java:43)
	at java.lang.reflect.Method.invoke(Method.java:498)
	at org.apache.hadoop.security.authentication.util.KerberosUtil.getDefaultRealm(KerberosUtil.java:110)
	at org.apache.hadoop.security.HadoopKerberosName.setConfiguration(HadoopKerberosName.java:63)
	at org.apache.hadoop.security.UserGroupInformation.initialize(UserGroupInformation.java:309)
	at org.apache.hadoop.security.UserGroupInformation.ensureInitialized(UserGroupInformation.java:294)
	at org.apache.hadoop.security.UserGroupInformation.loginUserFromSubject(UserGroupInformation.java:854)
	at org.apache.hadoop.security.UserGroupInformation.getLoginUser(UserGroupInformation.java:824)
	at org.apache.hadoop.security.UserGroupInformation.getCurrentUser(UserGroupInformation.java:693)
	at org.apache.hadoop.hbase.security.User$SecureHadoopUser.<init>(User.java:300)
	at org.apache.hadoop.hbase.security.User.getCurrent(User.java:173)
	at org.apache.hadoop.hbase.security.UserProvider.getCurrent(UserProvider.java:184)
	at org.apache.hadoop.hbase.AuthUtil.loginClient(AuthUtil.java:107)
	at org.apache.hadoop.hbase.client.ConnectionFactory.createConnection(ConnectionFactory.java:128)
	at com.yy.utils.HBaseUtils.getConnHBase(HBaseUtils.java:32)
	at com.yy.utils.HBaseUtils.showTables(HBaseUtils.java:42)
	at com.yy.controller.XdrQueryHander.queryHbase(XdrQueryHander.java:22)
	at sun.reflect.NativeMethodAccessorImpl.invoke0(Native Method)
	at sun.reflect.NativeMethodAccessorImpl.invoke(NativeMethodAccessorImpl.java:62)
	at sun.reflect.DelegatingMethodAccessorImpl.invoke(DelegatingMethodAccessorImpl.java:43)
	at java.lang.reflect.Method.invoke(Method.java:498)
	at org.springframework.web.method.support.InvocableHandlerMethod.doInvoke(InvocableHandlerMethod.java:197)
	at org.springframework.web.method.support.InvocableHandlerMethod.invokeForRequest(InvocableHandlerMethod.java:141)
	at org.springframework.web.servlet.mvc.method.annotation.ServletInvocableHandlerMethod.invokeAndHandle(ServletInvocableHandlerMethod.java:106)
	at org.springframework.web.servlet.mvc.method.annotation.RequestMappingHandlerAdapter.invokeHandlerMethod(RequestMappingHandlerAdapter.java:894)
	at org.springframework.web.servlet.mvc.method.annotation.RequestMappingHandlerAdapter.handleInternal(RequestMappingHandlerAdapter.java:808)
	at org.springframework.web.servlet.mvc.method.AbstractHandlerMethodAdapter.handle(AbstractHandlerMethodAdapter.java:87)
	at org.springframework.web.servlet.DispatcherServlet.doDispatch(DispatcherServlet.java:1063)
	at org.springframework.web.servlet.DispatcherServlet.doService(DispatcherServlet.java:963)
	at org.springframework.web.servlet.FrameworkServlet.processRequest(FrameworkServlet.java:1006)
	at org.springframework.web.servlet.FrameworkServlet.doGet(FrameworkServlet.java:898)
	at javax.servlet.http.HttpServlet.service(HttpServlet.java:626)
	at org.springframework.web.servlet.FrameworkServlet.service(FrameworkServlet.java:883)
	at javax.servlet.http.HttpServlet.service(HttpServlet.java:733)
	at org.apache.catalina.core.ApplicationFilterChain.internalDoFilter(ApplicationFilterChain.java:227)
	at org.apache.catalina.core.ApplicationFilterChain.doFilter(ApplicationFilterChain.java:162)
	at org.apache.tomcat.websocket.server.WsFilter.doFilter(WsFilter.java:53)
	at org.apache.catalina.core.ApplicationFilterChain.internalDoFilter(ApplicationFilterChain.java:189)
	at org.apache.catalina.core.ApplicationFilterChain.doFilter(ApplicationFilterChain.java:162)
	at org.springframework.web.filter.RequestContextFilter.doFilterInternal(RequestContextFilter.java:100)
	at org.springframework.web.filter.OncePerRequestFilter.doFilter(OncePerRequestFilter.java:119)
	at org.apache.catalina.core.ApplicationFilterChain.internalDoFilter(ApplicationFilterChain.java:189)
	at org.apache.catalina.core.ApplicationFilterChain.doFilter(ApplicationFilterChain.java:162)
	at org.springframework.web.filter.FormContentFilter.doFilterInternal(FormContentFilter.java:93)
	at org.springframework.web.filter.OncePerRequestFilter.doFilter(OncePerRequestFilter.java:119)
	at org.apache.catalina.core.ApplicationFilterChain.internalDoFilter(ApplicationFilterChain.java:189)
	at org.apache.catalina.core.ApplicationFilterChain.doFilter(ApplicationFilterChain.java:162)
	at org.springframework.web.filter.CharacterEncodingFilter.doFilterInternal(CharacterEncodingFilter.java:201)
	at org.springframework.web.filter.OncePerRequestFilter.doFilter(OncePerRequestFilter.java:119)
	at org.apache.catalina.core.ApplicationFilterChain.internalDoFilter(ApplicationFilterChain.java:189)
	at org.apache.catalina.core.ApplicationFilterChain.doFilter(ApplicationFilterChain.java:162)
	at org.apache.catalina.core.StandardWrapperValve.invoke(StandardWrapperValve.java:202)
	at org.apache.catalina.core.StandardContextValve.invoke(StandardContextValve.java:97)
	at org.apache.catalina.authenticator.AuthenticatorBase.invoke(AuthenticatorBase.java:542)
	at org.apache.catalina.core.StandardHostValve.invoke(StandardHostValve.java:143)
	at org.apache.catalina.valves.ErrorReportValve.invoke(ErrorReportValve.java:92)
	at org.apache.catalina.core.StandardEngineValve.invoke(StandardEngineValve.java:78)
	at org.apache.catalina.connector.CoyoteAdapter.service(CoyoteAdapter.java:357)
	at org.apache.coyote.http11.Http11Processor.service(Http11Processor.java:374)
	at org.apache.coyote.AbstractProcessorLight.process(AbstractProcessorLight.java:65)
	at org.apache.coyote.AbstractProtocol$ConnectionHandler.process(AbstractProtocol.java:893)
	at org.apache.tomcat.util.net.NioEndpoint$SocketProcessor.doRun(NioEndpoint.java:1707)
	at org.apache.tomcat.util.net.SocketProcessorBase.run(SocketProcessorBase.java:49)
	at java.util.concurrent.ThreadPoolExecutor.runWorker(ThreadPoolExecutor.java:1149)
	at java.util.concurrent.ThreadPoolExecutor$Worker.run(ThreadPoolExecutor.java:624)
	at org.apache.tomcat.util.threads.TaskThread$WrappingRunnable.run(TaskThread.java:61)
	at java.lang.Thread.run(Thread.java:748)
Starting App using Java 1.8.0_151 on DESKTOP-AGBUJPR with PID 740 (D:\IdeaProject\gmail\gmail-logger\target\classes started by Machenike in D:\IdeaProject\gmail)
No active profile set, falling back to default profiles: default
For Jackson Kotlin classes support please add "com.fasterxml.jackson.module:jackson-module-kotlin" to the classpath
Bootstrapping Spring Data Elasticsearch repositories in DEFAULT mode.
Finished Spring Data repository scanning in 10 ms. Found 0 Elasticsearch repository interfaces.
Bootstrapping Spring Data Reactive Elasticsearch repositories in DEFAULT mode.
Finished Spring Data repository scanning in 2 ms. Found 0 Reactive Elasticsearch repository interfaces.
Tomcat initialized with port(s): 8005 (http)
Initializing ProtocolHandler ["http-nio-8005"]
Starting service [Tomcat]
Starting Servlet engine: [Apache Tomcat/9.0.46]
An older version [1.2.21] of the Apache Tomcat Native library is installed, while Tomcat recommends a minimum version of [1.2.23]
Loaded Apache Tomcat Native library [1.2.21] using APR version [1.6.5].
APR capabilities: IPv6 [true], sendfile [true], accept filters [false], random [true].
APR/OpenSSL configuration: useAprConnector [false], useOpenSSL [true]
OpenSSL successfully initialized [OpenSSL 1.0.2q  20 Nov 2018]
Initializing Spring embedded WebApplicationContext
Root WebApplicationContext: initialization completed in 2343 ms
Init DruidDataSource
{dataSource-1} inited
Version Spring Data Elasticsearch: 4.2.1
Version Elasticsearch Client in build: 7.12.1
Version Elasticsearch Client used: 7.12.1
Starting ProtocolHandler ["http-nio-8005"]
Tomcat started on port(s): 8005 (http) with context path ''
Started App in 8.125 seconds (JVM running for 9.959)
Application availability state LivenessState changed to CORRECT
Application availability state ReadinessState changed to ACCEPTING_TRAFFIC
Initializing Spring DispatcherServlet 'dispatcherServlet'
Initializing Servlet 'dispatcherServlet'
Completed initialization in 1 ms
Client environment:zookeeper.version=3.5.7-f0fdd52973d373ffd9c86b81d99842dc2c7f660e, built on 02/10/2020 11:30 GMT
Client environment:host.name=DESKTOP-AGBUJPR
Client environment:java.version=1.8.0_151
Client environment:java.vendor=Oracle Corporation
Client environment:java.home=C:\Program Files\Java\jdk1.8.0_151\jre
Client environment:java.class.path=C:\Program Files\Java\jdk1.8.0_151\jre\lib\charsets.jar;C:\Program Files\Java\jdk1.8.0_151\jre\lib\deploy.jar;C:\Program Files\Java\jdk1.8.0_151\jre\lib\ext\access-bridge-64.jar;C:\Program Files\Java\jdk1.8.0_151\jre\lib\ext\cldrdata.jar;C:\Program Files\Java\jdk1.8.0_151\jre\lib\ext\dnsns.jar;C:\Program Files\Java\jdk1.8.0_151\jre\lib\ext\jaccess.jar;C:\Program Files\Java\jdk1.8.0_151\jre\lib\ext\jfxrt.jar;C:\Program Files\Java\jdk1.8.0_151\jre\lib\ext\localedata.jar;C:\Program Files\Java\jdk1.8.0_151\jre\lib\ext\nashorn.jar;C:\Program Files\Java\jdk1.8.0_151\jre\lib\ext\sunec.jar;C:\Program Files\Java\jdk1.8.0_151\jre\lib\ext\sunjce_provider.jar;C:\Program Files\Java\jdk1.8.0_151\jre\lib\ext\sunmscapi.jar;C:\Program Files\Java\jdk1.8.0_151\jre\lib\ext\sunpkcs11.jar;C:\Program Files\Java\jdk1.8.0_151\jre\lib\ext\zipfs.jar;C:\Program Files\Java\jdk1.8.0_151\jre\lib\javaws.jar;C:\Program Files\Java\jdk1.8.0_151\jre\lib\jce.jar;C:\Program Files\Java\jdk1.8.0_151\jre\lib\jfr.jar;C:\Program Files\Java\jdk1.8.0_151\jre\lib\jfxswt.jar;C:\Program Files\Java\jdk1.8.0_151\jre\lib\jsse.jar;C:\Program Files\Java\jdk1.8.0_151\jre\lib\management-agent.jar;C:\Program Files\Java\jdk1.8.0_151\jre\lib\plugin.jar;C:\Program Files\Java\jdk1.8.0_151\jre\lib\resources.jar;C:\Program Files\Java\jdk1.8.0_151\jre\lib\rt.jar;D:\IdeaProject\gmail\gmail-logger\target\classes;C:\Users\Machenike\AppData\Local\Coursier\cache\v1\https\repo1.maven.org\maven2\org\scala-lang\scala-library\2.13.5\scala-library-2.13.5.jar;C:\Users\Machenike\AppData\Local\Coursier\cache\v1\https\repo1.maven.org\maven2\org\scala-lang\scala-reflect\2.13.5\scala-reflect-2.13.5.jar;C:\Users\Machenike\AppData\Local\Coursier\cache\v1\https\repo1.maven.org\maven2\org\scala-lang\scala-library\2.13.5\scala-library-2.13.5-sources.jar;C:\Users\Machenike\AppData\Local\Coursier\cache\v1\https\repo1.maven.org\maven2\org\scala-lang\scala-reflect\2.13.5\scala-reflect-2.13.5-sources.jar;F:\repository\org\projectlombok\lombok\1.18.20\lombok-1.18.20.jar;F:\repository\org\springframework\boot\spring-boot-starter-web\2.5.0\spring-boot-starter-web-2.5.0.jar;F:\repository\org\springframework\boot\spring-boot-starter\2.5.0\spring-boot-starter-2.5.0.jar;F:\repository\org\springframework\boot\spring-boot\2.5.0\spring-boot-2.5.0.jar;F:\repository\org\springframework\boot\spring-boot-starter-logging\2.5.0\spring-boot-starter-logging-2.5.0.jar;F:\repository\ch\qos\logback\logback-classic\1.2.3\logback-classic-1.2.3.jar;F:\repository\ch\qos\logback\logback-core\1.2.3\logback-core-1.2.3.jar;F:\repository\org\apache\logging\log4j\log4j-to-slf4j\2.14.1\log4j-to-slf4j-2.14.1.jar;F:\repository\org\slf4j\jul-to-slf4j\1.7.30\jul-to-slf4j-1.7.30.jar;F:\repository\jakarta\annotation\jakarta.annotation-api\1.3.5\jakarta.annotation-api-1.3.5.jar;F:\repository\org\springframework\spring-core\5.3.7\spring-core-5.3.7.jar;F:\repository\org\springframework\spring-jcl\5.3.7\spring-jcl-5.3.7.jar;F:\repository\org\yaml\snakeyaml\1.28\snakeyaml-1.28.jar;F:\repository\org\springframework\boot\spring-boot-starter-json\2.5.0\spring-boot-starter-json-2.5.0.jar;F:\repository\com\fasterxml\jackson\datatype\jackson-datatype-jdk8\2.12.3\jackson-datatype-jdk8-2.12.3.jar;F:\repository\com\fasterxml\jackson\datatype\jackson-datatype-jsr310\2.12.3\jackson-datatype-jsr310-2.12.3.jar;F:\repository\com\fasterxml\jackson\module\jackson-module-parameter-names\2.12.3\jackson-module-parameter-names-2.12.3.jar;F:\repository\org\springframework\boot\spring-boot-starter-tomcat\2.5.0\spring-boot-starter-tomcat-2.5.0.jar;F:\repository\org\apache\tomcat\embed\tomcat-embed-core\9.0.46\tomcat-embed-core-9.0.46.jar;F:\repository\org\apache\tomcat\embed\tomcat-embed-el\9.0.46\tomcat-embed-el-9.0.46.jar;F:\repository\org\apache\tomcat\embed\tomcat-embed-websocket\9.0.46\tomcat-embed-websocket-9.0.46.jar;F:\repository\org\springframework\spring-web\5.3.7\spring-web-5.3.7.jar;F:\repository\org\springframework\spring-beans\5.3.7\spring-beans-5.3.7.jar;F:\repository\org\springframework\spring-webmvc\5.3.7\spring-webmvc-5.3.7.jar;F:\repository\org\springframework\spring-aop\5.3.7\spring-aop-5.3.7.jar;F:\repository\org\springframework\spring-expression\5.3.7\spring-expression-5.3.7.jar;F:\repository\org\springframework\kafka\spring-kafka\2.7.1\spring-kafka-2.7.1.jar;F:\repository\org\springframework\spring-context\5.3.7\spring-context-5.3.7.jar;F:\repository\org\springframework\spring-messaging\5.3.7\spring-messaging-5.3.7.jar;F:\repository\org\springframework\spring-tx\5.3.7\spring-tx-5.3.7.jar;F:\repository\org\springframework\retry\spring-retry\1.3.1\spring-retry-1.3.1.jar;F:\repository\javax\annotation\javax.annotation-api\1.3.2\javax.annotation-api-1.3.2.jar;F:\repository\org\apache\kafka\kafka-clients\2.7.1\kafka-clients-2.7.1.jar;F:\repository\com\github\luben\zstd-jni\1.4.5-6\zstd-jni-1.4.5-6.jar;F:\repository\org\lz4\lz4-java\1.7.1\lz4-java-1.7.1.jar;F:\repository\org\xerial\snappy\snappy-java\1.1.7.7\snappy-java-1.1.7.7.jar;F:\repository\org\jetbrains\kotlin\kotlin-stdlib\1.5.0\kotlin-stdlib-1.5.0.jar;F:\repository\org\jetbrains\annotations\13.0\annotations-13.0.jar;F:\repository\org\jetbrains\kotlin\kotlin-stdlib-common\1.5.0\kotlin-stdlib-common-1.5.0.jar;F:\repository\com\google\code\findbugs\jsr305\3.0.2\jsr305-3.0.2.jar;F:\repository\com\baomidou\mybatis-plus-boot-starter\3.4.3\mybatis-plus-boot-starter-3.4.3.jar;F:\repository\com\baomidou\mybatis-plus\3.4.3\mybatis-plus-3.4.3.jar;F:\repository\org\springframework\boot\spring-boot-autoconfigure\2.5.0\spring-boot-autoconfigure-2.5.0.jar;F:\repository\org\springframework\boot\spring-boot-starter-jdbc\2.5.0\spring-boot-starter-jdbc-2.5.0.jar;F:\repository\com\zaxxer\HikariCP\4.0.3\HikariCP-4.0.3.jar;F:\repository\org\springframework\spring-jdbc\5.3.7\spring-jdbc-5.3.7.jar;F:\repository\com\alibaba\fastjson\1.2.75\fastjson-1.2.75.jar;F:\repository\mysql\mysql-connector-java\5.1.47\mysql-connector-java-5.1.47.jar;F:\repository\com\alibaba\druid-spring-boot-starter\1.1.22\druid-spring-boot-starter-1.1.22.jar;F:\repository\com\alibaba\druid\1.2.4\druid-1.2.4.jar;F:\repository\org\slf4j\slf4j-api\1.7.30\slf4j-api-1.7.30.jar;F:\repository\com\baomidou\mybatis-plus-generator\3.4.1\mybatis-plus-generator-3.4.1.jar;F:\repository\com\baomidou\mybatis-plus-extension\3.4.1\mybatis-plus-extension-3.4.1.jar;F:\repository\com\baomidou\mybatis-plus-core\3.4.1\mybatis-plus-core-3.4.1.jar;F:\repository\com\baomidou\mybatis-plus-annotation\3.4.1\mybatis-plus-annotation-3.4.1.jar;F:\repository\com\github\jsqlparser\jsqlparser\3.2\jsqlparser-3.2.jar;F:\repository\org\mybatis\mybatis\3.5.6\mybatis-3.5.6.jar;F:\repository\org\mybatis\mybatis-spring\2.0.5\mybatis-spring-2.0.5.jar;F:\repository\org\springframework\data\spring-data-elasticsearch\4.2.1\spring-data-elasticsearch-4.2.1.jar;F:\repository\org\springframework\data\spring-data-commons\2.5.1\spring-data-commons-2.5.1.jar;F:\repository\org\elasticsearch\client\transport\7.12.1\transport-7.12.1.jar;F:\repository\org\elasticsearch\elasticsearch\7.12.1\elasticsearch-7.12.1.jar;F:\repository\org\elasticsearch\elasticsearch-core\7.12.1\elasticsearch-core-7.12.1.jar;F:\repository\org\elasticsearch\elasticsearch-secure-sm\7.12.1\elasticsearch-secure-sm-7.12.1.jar;F:\repository\org\elasticsearch\elasticsearch-x-content\7.12.1\elasticsearch-x-content-7.12.1.jar;F:\repository\com\fasterxml\jackson\dataformat\jackson-dataformat-smile\2.12.3\jackson-dataformat-smile-2.12.3.jar;F:\repository\com\fasterxml\jackson\dataformat\jackson-dataformat-yaml\2.12.3\jackson-dataformat-yaml-2.12.3.jar;F:\repository\com\fasterxml\jackson\dataformat\jackson-dataformat-cbor\2.12.3\jackson-dataformat-cbor-2.12.3.jar;F:\repository\org\elasticsearch\elasticsearch-geo\7.12.1\elasticsearch-geo-7.12.1.jar;F:\repository\org\apache\lucene\lucene-core\8.8.0\lucene-core-8.8.0.jar;F:\repository\org\apache\lucene\lucene-analyzers-common\8.8.0\lucene-analyzers-common-8.8.0.jar;F:\repository\org\apache\lucene\lucene-backward-codecs\8.8.0\lucene-backward-codecs-8.8.0.jar;F:\repository\org\apache\lucene\lucene-grouping\8.8.0\lucene-grouping-8.8.0.jar;F:\repository\org\apache\lucene\lucene-highlighter\8.8.0\lucene-highlighter-8.8.0.jar;F:\repository\org\apache\lucene\lucene-join\8.8.0\lucene-join-8.8.0.jar;F:\repository\org\apache\lucene\lucene-memory\8.8.0\lucene-memory-8.8.0.jar;F:\repository\org\apache\lucene\lucene-misc\8.8.0\lucene-misc-8.8.0.jar;F:\repository\org\apache\lucene\lucene-queries\8.8.0\lucene-queries-8.8.0.jar;F:\repository\org\apache\lucene\lucene-queryparser\8.8.0\lucene-queryparser-8.8.0.jar;F:\repository\org\apache\lucene\lucene-sandbox\8.8.0\lucene-sandbox-8.8.0.jar;F:\repository\org\apache\lucene\lucene-spatial-extras\8.8.0\lucene-spatial-extras-8.8.0.jar;F:\repository\org\apache\lucene\lucene-spatial3d\8.8.0\lucene-spatial3d-8.8.0.jar;F:\repository\org\apache\lucene\lucene-suggest\8.8.0\lucene-suggest-8.8.0.jar;F:\repository\org\elasticsearch\elasticsearch-cli\7.12.1\elasticsearch-cli-7.12.1.jar;F:\repository\net\sf\jopt-simple\jopt-simple\5.0.2\jopt-simple-5.0.2.jar;F:\repository\com\carrotsearch\hppc\0.8.1\hppc-0.8.1.jar;F:\repository\joda-time\joda-time\2.10.4\joda-time-2.10.4.jar;F:\repository\com\tdunning\t-digest\3.2\t-digest-3.2.jar;F:\repository\org\hdrhistogram\HdrHistogram\2.1.9\HdrHistogram-2.1.9.jar;F:\repository\org\apache\logging\log4j\log4j-api\2.14.1\log4j-api-2.14.1.jar;F:\repository\org\elasticsearch\jna\5.7.0-1\jna-5.7.0-1.jar;F:\repository\org\elasticsearch\elasticsearch-plugin-classloader\7.12.1\elasticsearch-plugin-classloader-7.12.1.jar;F:\repository\org\elasticsearch\plugin\reindex-client\7.12.1\reindex-client-7.12.1.jar;F:\repository\org\elasticsearch\elasticsearch-ssl-config\7.12.1\elasticsearch-ssl-config-7.12.1.jar;F:\repository\org\elasticsearch\plugin\lang-mustache-client\7.12.1\lang-mustache-client-7.12.1.jar;F:\repository\com\github\spullara\mustache\java\compiler\0.9.6\compiler-0.9.6.jar;F:\repository\org\elasticsearch\plugin\percolator-client\7.12.1\percolator-client-7.12.1.jar;F:\repository\org\elasticsearch\plugin\parent-join-client\7.12.1\parent-join-client-7.12.1.jar;F:\repository\org\elasticsearch\plugin\rank-eval-client\7.12.1\rank-eval-client-7.12.1.jar;F:\repository\org\elasticsearch\plugin\transport-netty4-client\7.12.1\transport-netty4-client-7.12.1.jar;F:\repository\io\netty\netty-buffer\4.1.65.Final\netty-buffer-4.1.65.Final.jar;F:\repository\io\netty\netty-codec\4.1.65.Final\netty-codec-4.1.65.Final.jar;F:\repository\io\netty\netty-codec-http\4.1.65.Final\netty-codec-http-4.1.65.Final.jar;F:\repository\io\netty\netty-common\4.1.65.Final\netty-common-4.1.65.Final.jar;F:\repository\io\netty\netty-handler\4.1.65.Final\netty-handler-4.1.65.Final.jar;F:\repository\io\netty\netty-resolver\4.1.65.Final\netty-resolver-4.1.65.Final.jar;F:\repository\io\netty\netty-transport\4.1.65.Final\netty-transport-4.1.65.Final.jar;F:\repository\org\elasticsearch\client\elasticsearch-rest-high-level-client\7.12.1\elasticsearch-rest-high-level-client-7.12.1.jar;F:\repository\org\elasticsearch\client\elasticsearch-rest-client\7.12.1\elasticsearch-rest-client-7.12.1.jar;F:\repository\org\apache\httpcomponents\httpcore\4.4.14\httpcore-4.4.14.jar;F:\repository\org\apache\httpcomponents\httpasyncclient\4.1.4\httpasyncclient-4.1.4.jar;F:\repository\org\apache\httpcomponents\httpcore-nio\4.4.14\httpcore-nio-4.4.14.jar;F:\repository\org\elasticsearch\plugin\mapper-extras-client\7.12.1\mapper-extras-client-7.12.1.jar;F:\repository\org\elasticsearch\plugin\aggs-matrix-stats-client\7.12.1\aggs-matrix-stats-client-7.12.1.jar;F:\repository\com\fasterxml\jackson\core\jackson-core\2.12.3\jackson-core-2.12.3.jar;F:\repository\com\fasterxml\jackson\core\jackson-databind\2.12.3\jackson-databind-2.12.3.jar;F:\repository\com\fasterxml\jackson\core\jackson-annotations\2.12.3\jackson-annotations-2.12.3.jar;F:\repository\org\apache\velocity\velocity-engine-core\2.3\velocity-engine-core-2.3.jar;F:\repository\org\apache\commons\commons-lang3\3.12.0\commons-lang3-3.12.0.jar;F:\repository\org\apache\hbase\hbase-client\2.4.2\hbase-client-2.4.2.jar;F:\repository\org\apache\hbase\thirdparty\hbase-shaded-protobuf\3.4.1\hbase-shaded-protobuf-3.4.1.jar;F:\repository\org\apache\hbase\hbase-common\2.4.2\hbase-common-2.4.2.jar;F:\repository\org\apache\hbase\hbase-logging\2.4.2\hbase-logging-2.4.2.jar;F:\repository\org\apache\hbase\thirdparty\hbase-shaded-gson\3.4.1\hbase-shaded-gson-3.4.1.jar;F:\repository\org\apache\hbase\hbase-hadoop-compat\2.4.2\hbase-hadoop-compat-2.4.2.jar;F:\repository\org\apache\hbase\hbase-metrics-api\2.4.2\hbase-metrics-api-2.4.2.jar;F:\repository\org\apache\hbase\hbase-hadoop2-compat\2.4.2\hbase-hadoop2-compat-2.4.2.jar;F:\repository\org\apache\hbase\hbase-metrics\2.4.2\hbase-metrics-2.4.2.jar;F:\repository\javax\activation\javax.activation-api\1.2.0\javax.activation-api-1.2.0.jar;F:\repository\org\apache\hbase\hbase-protocol-shaded\2.4.2\hbase-protocol-shaded-2.4.2.jar;F:\repository\org\apache\hbase\hbase-protocol\2.4.2\hbase-protocol-2.4.2.jar;F:\repository\commons-codec\commons-codec\1.15\commons-codec-1.15.jar;F:\repository\commons-io\commons-io\2.6\commons-io-2.6.jar;F:\repository\org\apache\hbase\thirdparty\hbase-shaded-miscellaneous\3.4.1\hbase-shaded-miscellaneous-3.4.1.jar;F:\repository\com\google\errorprone\error_prone_annotations\2.3.4\error_prone_annotations-2.3.4.jar;F:\repository\com\google\protobuf\protobuf-java\2.5.0\protobuf-java-2.5.0.jar;F:\repository\org\apache\hbase\thirdparty\hbase-shaded-netty\3.4.1\hbase-shaded-netty-3.4.1.jar;F:\repository\org\apache\zookeeper\zookeeper\3.5.7\zookeeper-3.5.7.jar;F:\repository\org\apache\zookeeper\zookeeper-jute\3.5.7\zookeeper-jute-3.5.7.jar;F:\repository\io\netty\netty-transport-native-epoll\4.1.65.Final\netty-transport-native-epoll-4.1.65.Final.jar;F:\repository\io\netty\netty-transport-native-unix-common\4.1.65.Final\netty-transport-native-unix-common-4.1.65.Final.jar;F:\repository\org\apache\htrace\htrace-core4\4.2.0-incubating\htrace-core4-4.2.0-incubating.jar;F:\repository\org\jruby\jcodings\jcodings\1.0.55\jcodings-1.0.55.jar;F:\repository\org\jruby\joni\joni\2.1.31\joni-2.1.31.jar;F:\repository\io\dropwizard\metrics\metrics-core\4.1.21\metrics-core-4.1.21.jar;F:\repository\org\apache\commons\commons-crypto\1.0.0\commons-crypto-1.0.0.jar;F:\repository\org\apache\hadoop\hadoop-auth\2.10.0\hadoop-auth-2.10.0.jar;F:\repository\log4j\log4j\1.2.17\log4j-1.2.17.jar;F:\repository\org\slf4j\slf4j-log4j12\1.7.30\slf4j-log4j12-1.7.30.jar;F:\repository\org\apache\httpcomponents\httpclient\4.5.13\httpclient-4.5.13.jar;F:\repository\com\nimbusds\nimbus-jose-jwt\9.8.1\nimbus-jose-jwt-9.8.1.jar;F:\repository\com\github\stephenc\jcip\jcip-annotations\1.0-1\jcip-annotations-1.0-1.jar;F:\repository\org\apache\directory\server\apacheds-kerberos-codec\2.0.0-M15\apacheds-kerberos-codec-2.0.0-M15.jar;F:\repository\org\apache\directory\server\apacheds-i18n\2.0.0-M15\apacheds-i18n-2.0.0-M15.jar;F:\repository\org\apache\directory\api\api-asn1-api\1.0.0-M20\api-asn1-api-1.0.0-M20.jar;F:\repository\org\apache\directory\api\api-util\1.0.0-M20\api-util-1.0.0-M20.jar;F:\repository\org\apache\curator\curator-framework\2.7.1\curator-framework-2.7.1.jar;F:\repository\org\apache\hadoop\hadoop-common\2.10.0\hadoop-common-2.10.0.jar;F:\repository\org\apache\hadoop\hadoop-annotations\2.10.0\hadoop-annotations-2.10.0.jar;F:\repository\com\google\guava\guava\11.0.2\guava-11.0.2.jar;F:\repository\commons-cli\commons-cli\1.2\commons-cli-1.2.jar;F:\repository\org\apache\commons\commons-math3\3.1.1\commons-math3-3.1.1.jar;F:\repository\xmlenc\xmlenc\0.52\xmlenc-0.52.jar;F:\repository\commons-net\commons-net\3.1\commons-net-3.1.jar;F:\repository\commons-collections\commons-collections\3.2.2\commons-collections-3.2.2.jar;F:\repository\org\mortbay\jetty\jetty-sslengine\6.1.26\jetty-sslengine-6.1.26.jar;F:\repository\commons-logging\commons-logging\1.1.3\commons-logging-1.1.3.jar;F:\repository\commons-lang\commons-lang\2.6\commons-lang-2.6.jar;F:\repository\commons-configuration\commons-configuration\1.6\commons-configuration-1.6.jar;F:\repository\commons-digester\commons-digester\1.8\commons-digester-1.8.jar;F:\repository\commons-beanutils\commons-beanutils\1.9.4\commons-beanutils-1.9.4.jar;F:\repository\org\codehaus\jackson\jackson-core-asl\1.9.13\jackson-core-asl-1.9.13.jar;F:\repository\org\codehaus\jackson\jackson-mapper-asl\1.9.13\jackson-mapper-asl-1.9.13.jar;F:\repository\org\apache\avro\avro\1.7.7\avro-1.7.7.jar;F:\repository\com\thoughtworks\paranamer\paranamer\2.3\paranamer-2.3.jar;F:\repository\com\google\code\gson\gson\2.8.6\gson-2.8.6.jar;F:\repository\com\jcraft\jsch\0.1.54\jsch-0.1.54.jar;F:\repository\org\apache\curator\curator-client\2.7.1\curator-client-2.7.1.jar;F:\repository\org\apache\curator\curator-recipes\2.7.1\curator-recipes-2.7.1.jar;F:\repository\org\apache\commons\commons-compress\1.19\commons-compress-1.19.jar;F:\repository\org\codehaus\woodstox\stax2-api\3.1.4\stax2-api-3.1.4.jar;F:\repository\com\fasterxml\woodstox\woodstox-core\5.0.3\woodstox-core-5.0.3.jar;F:\repository\org\apache\yetus\audience-annotations\0.5.0\audience-annotations-0.5.0.jar;D:\software\IntelliJ IDEA 2021.1.1\lib\idea_rt.jar
Client environment:java.library.path=C:\Program Files\Java\jdk1.8.0_151\bin;C:\Windows\Sun\Java\bin;C:\Windows\system32;C:\Windows;C:\Program Files\MIT\Kerberos\bin;C:\Program Files\Java\jdk1.8.0_151\bin;C:\Program Files\Java\jdk1.8.0_151\jre\bin;C:\ProgramData\Oracle\Java\javapath;D:\software\xshell\;D:\software\xftp\;C:\Windows\system32;C:\Windows;C:\Windows\System32\Wbem;C:\Windows\System32\WindowsPowerShell\v1.0\;C:\Windows\System32\OpenSSH\;C:\Program Files (x86)\NVIDIA Corporation\PhysX\Common;C:\Program Files\NVIDIA Corporation\NVIDIA NvDLISR;C:\Program Files\scala\bin;C:\Program Files\TortoiseSVN\bin;D:\opensource\hadoop-2.7.2\bin;D:\opensource\anaconda;D:\opensource\anaconda\Scripts;D:\opensource\anaconda\Library\bin;D:\software\apache-maven-3.5.4\bin;D:\software\MinGW\bin;D:\software\Redis\;D:\software\nodejs\;D:\software\Git\cmd;F:\softs\selenium;F:\softs\selenium\chromedriver_win32;D:\BaiduNetdiskDownload\BigData\032_Spark\resource\spark-2.1.1-bin-hadoop2.7\spark-2.1.1-bin-hadoop2.7\bin\;D:\BaiduNetdiskDownload\BigData\032_Spark\resource\spark-2.1.1-bin-hadoop2.7\spark-2.1.1-bin-hadoop2.7\sbin\;F:\softs\spark\spark-3.1.1-bin-hadoop2.7\bin;F:\softs\spark\spark-3.1.1-bin-hadoop2.7\sbin;F:\softs\flink\bin;D:\Program Files\Go\bin;F:\softs\Kubernetes\Minikube;;C:\Program Files\Docker\Docker\resources\bin;C:\ProgramData\DockerDesktop\version-bin;C:\Users\Machenike\AppData\Local\Microsoft\WindowsApps;D:\software\PyCharm 2019.1.2\bin;D:\software\nodejs\node_global;D:\software\clion\CLion 2020.2\bin;D:\software\fiddler;C:\Users\Machenike\AppData\Roaming\npm;%DevEco Studio%;D:\software\IntelliJ IDEA 2021.1.1\bin;;D:\software\PyCharm 2021.1.1\bin;;D:\software\CLion 2021.1.1\bin;;C:\Users\Machenike\go\bin;D:\software\GoLand 2021.1.3\bin;;.
Client environment:java.io.tmpdir=C:\Users\MACHEN~1\AppData\Local\Temp\
Client environment:java.compiler=<NA>
Client environment:os.name=Windows 10
Client environment:os.arch=amd64
Client environment:os.version=10.0
Client environment:user.name=Machenike
Client environment:user.home=C:\Users\Machenike
Client environment:user.dir=D:\IdeaProject\gmail
Client environment:os.memory.free=292MB
Client environment:os.memory.max=5436MB
Client environment:os.memory.total=446MB
Initiating client connection, connectString=master02:2181,slave01:2181,master01:2181 sessionTimeout=60000 watcher=org.apache.hadoop.hbase.zookeeper.ReadOnlyZKClient$$Lambda$1128/2032529096@3b3990ff
Setting -D jdk.tls.rejectClientInitiatedRenegotiation=true to disable client-initiated TLS renegotiation
jute.maxbuffer value is 4194304 Bytes
zookeeper.request.timeout value is 0. feature enabled=
Opening socket connection to server slave01/192.168.5.154:2181. Will not attempt to authenticate using SASL (unknown error)
Socket connection established, initiating session, client: /192.168.1.210:5873, server: slave01/192.168.5.154:2181
Session establishment complete on server slave01/192.168.5.154:2181, sessionid = 0x27a8a9d5b267dcc, negotiated timeout = 60000
No matching SASL authentication provider and supporting token found from providers for user: atguigu (auth:SIMPLE)
No matching SASL authentication provider and supporting token found from providers for user: atguigu (auth:SIMPLE)
No matching SASL authentication provider and supporting token found from providers for user: atguigu (auth:SIMPLE)
No matching SASL authentication provider and supporting token found from providers for user: atguigu (auth:SIMPLE)
No matching SASL authentication provider and supporting token found from providers for user: atguigu (auth:SIMPLE)
No matching SASL authentication provider and supporting token found from providers for user: atguigu (auth:SIMPLE)
No matching SASL authentication provider and supporting token found from providers for user: atguigu (auth:SIMPLE)
Call exception, tries=6, retries=36, started=4484 ms ago, cancelled=false, msg=java.io.IOException: Call to master02/192.168.5.128:60000 failed on local exception: java.io.IOException: java.lang.RuntimeException: Found no valid authentication method from options, details=, see https://s.apache.org/timeout
No matching SASL authentication provider and supporting token found from providers for user: atguigu (auth:SIMPLE)
Call exception, tries=7, retries=36, started=8502 ms ago, cancelled=false, msg=java.io.IOException: Call to master02/192.168.5.128:60000 failed on local exception: java.io.IOException: java.lang.RuntimeException: Found no valid authentication method from options, details=, see https://s.apache.org/timeout
No matching SASL authentication provider and supporting token found from providers for user: atguigu (auth:SIMPLE)
Call exception, tries=8, retries=36, started=18577 ms ago, cancelled=false, msg=java.io.IOException: Call to master02/192.168.5.128:60000 failed on local exception: java.io.IOException: java.lang.RuntimeException: Found no valid authentication method from options, details=, see https://s.apache.org/timeout
Starting App using Java 1.8.0_151 on DESKTOP-AGBUJPR with PID 20920 (D:\IdeaProject\gmail\gmail-logger\target\classes started by Machenike in D:\IdeaProject\gmail)
No active profile set, falling back to default profiles: default
For Jackson Kotlin classes support please add "com.fasterxml.jackson.module:jackson-module-kotlin" to the classpath
Bootstrapping Spring Data Elasticsearch repositories in DEFAULT mode.
Finished Spring Data repository scanning in 6 ms. Found 0 Elasticsearch repository interfaces.
Bootstrapping Spring Data Reactive Elasticsearch repositories in DEFAULT mode.
Finished Spring Data repository scanning in 1 ms. Found 0 Reactive Elasticsearch repository interfaces.
Tomcat initialized with port(s): 8005 (http)
Initializing ProtocolHandler ["http-nio-8005"]
Starting service [Tomcat]
Starting Servlet engine: [Apache Tomcat/9.0.46]
An older version [1.2.21] of the Apache Tomcat Native library is installed, while Tomcat recommends a minimum version of [1.2.23]
Loaded Apache Tomcat Native library [1.2.21] using APR version [1.6.5].
APR capabilities: IPv6 [true], sendfile [true], accept filters [false], random [true].
APR/OpenSSL configuration: useAprConnector [false], useOpenSSL [true]
OpenSSL successfully initialized [OpenSSL 1.0.2q  20 Nov 2018]
Initializing Spring embedded WebApplicationContext
Root WebApplicationContext: initialization completed in 2147 ms
Init DruidDataSource
{dataSource-1} inited
Version Spring Data Elasticsearch: 4.2.1
Version Elasticsearch Client in build: 7.12.1
Version Elasticsearch Client used: 7.12.1
Starting ProtocolHandler ["http-nio-8005"]
Tomcat started on port(s): 8005 (http) with context path ''
Started App in 8.121 seconds (JVM running for 9.908)
Application availability state LivenessState changed to CORRECT
Application availability state ReadinessState changed to ACCEPTING_TRAFFIC
Initializing Spring DispatcherServlet 'dispatcherServlet'
Initializing Servlet 'dispatcherServlet'
Completed initialization in 0 ms
Chore ScheduledChore name=RefreshCredentials, period=30000, unit=MILLISECONDS is enabled.
Client environment:zookeeper.version=3.5.7-f0fdd52973d373ffd9c86b81d99842dc2c7f660e, built on 02/10/2020 11:30 GMT
Client environment:host.name=DESKTOP-AGBUJPR
Client environment:java.version=1.8.0_151
Client environment:java.vendor=Oracle Corporation
Client environment:java.home=C:\Program Files\Java\jdk1.8.0_151\jre
Client environment:java.class.path=C:\Program Files\Java\jdk1.8.0_151\jre\lib\charsets.jar;C:\Program Files\Java\jdk1.8.0_151\jre\lib\deploy.jar;C:\Program Files\Java\jdk1.8.0_151\jre\lib\ext\access-bridge-64.jar;C:\Program Files\Java\jdk1.8.0_151\jre\lib\ext\cldrdata.jar;C:\Program Files\Java\jdk1.8.0_151\jre\lib\ext\dnsns.jar;C:\Program Files\Java\jdk1.8.0_151\jre\lib\ext\jaccess.jar;C:\Program Files\Java\jdk1.8.0_151\jre\lib\ext\jfxrt.jar;C:\Program Files\Java\jdk1.8.0_151\jre\lib\ext\localedata.jar;C:\Program Files\Java\jdk1.8.0_151\jre\lib\ext\nashorn.jar;C:\Program Files\Java\jdk1.8.0_151\jre\lib\ext\sunec.jar;C:\Program Files\Java\jdk1.8.0_151\jre\lib\ext\sunjce_provider.jar;C:\Program Files\Java\jdk1.8.0_151\jre\lib\ext\sunmscapi.jar;C:\Program Files\Java\jdk1.8.0_151\jre\lib\ext\sunpkcs11.jar;C:\Program Files\Java\jdk1.8.0_151\jre\lib\ext\zipfs.jar;C:\Program Files\Java\jdk1.8.0_151\jre\lib\javaws.jar;C:\Program Files\Java\jdk1.8.0_151\jre\lib\jce.jar;C:\Program Files\Java\jdk1.8.0_151\jre\lib\jfr.jar;C:\Program Files\Java\jdk1.8.0_151\jre\lib\jfxswt.jar;C:\Program Files\Java\jdk1.8.0_151\jre\lib\jsse.jar;C:\Program Files\Java\jdk1.8.0_151\jre\lib\management-agent.jar;C:\Program Files\Java\jdk1.8.0_151\jre\lib\plugin.jar;C:\Program Files\Java\jdk1.8.0_151\jre\lib\resources.jar;C:\Program Files\Java\jdk1.8.0_151\jre\lib\rt.jar;D:\IdeaProject\gmail\gmail-logger\target\classes;C:\Users\Machenike\AppData\Local\Coursier\cache\v1\https\repo1.maven.org\maven2\org\scala-lang\scala-library\2.13.5\scala-library-2.13.5.jar;C:\Users\Machenike\AppData\Local\Coursier\cache\v1\https\repo1.maven.org\maven2\org\scala-lang\scala-reflect\2.13.5\scala-reflect-2.13.5.jar;C:\Users\Machenike\AppData\Local\Coursier\cache\v1\https\repo1.maven.org\maven2\org\scala-lang\scala-library\2.13.5\scala-library-2.13.5-sources.jar;C:\Users\Machenike\AppData\Local\Coursier\cache\v1\https\repo1.maven.org\maven2\org\scala-lang\scala-reflect\2.13.5\scala-reflect-2.13.5-sources.jar;F:\repository\org\projectlombok\lombok\1.18.20\lombok-1.18.20.jar;F:\repository\org\springframework\boot\spring-boot-starter-web\2.5.0\spring-boot-starter-web-2.5.0.jar;F:\repository\org\springframework\boot\spring-boot-starter\2.5.0\spring-boot-starter-2.5.0.jar;F:\repository\org\springframework\boot\spring-boot\2.5.0\spring-boot-2.5.0.jar;F:\repository\org\springframework\boot\spring-boot-starter-logging\2.5.0\spring-boot-starter-logging-2.5.0.jar;F:\repository\ch\qos\logback\logback-classic\1.2.3\logback-classic-1.2.3.jar;F:\repository\ch\qos\logback\logback-core\1.2.3\logback-core-1.2.3.jar;F:\repository\org\apache\logging\log4j\log4j-to-slf4j\2.14.1\log4j-to-slf4j-2.14.1.jar;F:\repository\org\slf4j\jul-to-slf4j\1.7.30\jul-to-slf4j-1.7.30.jar;F:\repository\jakarta\annotation\jakarta.annotation-api\1.3.5\jakarta.annotation-api-1.3.5.jar;F:\repository\org\springframework\spring-core\5.3.7\spring-core-5.3.7.jar;F:\repository\org\springframework\spring-jcl\5.3.7\spring-jcl-5.3.7.jar;F:\repository\org\yaml\snakeyaml\1.28\snakeyaml-1.28.jar;F:\repository\org\springframework\boot\spring-boot-starter-json\2.5.0\spring-boot-starter-json-2.5.0.jar;F:\repository\com\fasterxml\jackson\datatype\jackson-datatype-jdk8\2.12.3\jackson-datatype-jdk8-2.12.3.jar;F:\repository\com\fasterxml\jackson\datatype\jackson-datatype-jsr310\2.12.3\jackson-datatype-jsr310-2.12.3.jar;F:\repository\com\fasterxml\jackson\module\jackson-module-parameter-names\2.12.3\jackson-module-parameter-names-2.12.3.jar;F:\repository\org\springframework\boot\spring-boot-starter-tomcat\2.5.0\spring-boot-starter-tomcat-2.5.0.jar;F:\repository\org\apache\tomcat\embed\tomcat-embed-core\9.0.46\tomcat-embed-core-9.0.46.jar;F:\repository\org\apache\tomcat\embed\tomcat-embed-el\9.0.46\tomcat-embed-el-9.0.46.jar;F:\repository\org\apache\tomcat\embed\tomcat-embed-websocket\9.0.46\tomcat-embed-websocket-9.0.46.jar;F:\repository\org\springframework\spring-web\5.3.7\spring-web-5.3.7.jar;F:\repository\org\springframework\spring-beans\5.3.7\spring-beans-5.3.7.jar;F:\repository\org\springframework\spring-webmvc\5.3.7\spring-webmvc-5.3.7.jar;F:\repository\org\springframework\spring-aop\5.3.7\spring-aop-5.3.7.jar;F:\repository\org\springframework\spring-expression\5.3.7\spring-expression-5.3.7.jar;F:\repository\org\springframework\kafka\spring-kafka\2.7.1\spring-kafka-2.7.1.jar;F:\repository\org\springframework\spring-context\5.3.7\spring-context-5.3.7.jar;F:\repository\org\springframework\spring-messaging\5.3.7\spring-messaging-5.3.7.jar;F:\repository\org\springframework\spring-tx\5.3.7\spring-tx-5.3.7.jar;F:\repository\org\springframework\retry\spring-retry\1.3.1\spring-retry-1.3.1.jar;F:\repository\javax\annotation\javax.annotation-api\1.3.2\javax.annotation-api-1.3.2.jar;F:\repository\org\apache\kafka\kafka-clients\2.7.1\kafka-clients-2.7.1.jar;F:\repository\com\github\luben\zstd-jni\1.4.5-6\zstd-jni-1.4.5-6.jar;F:\repository\org\lz4\lz4-java\1.7.1\lz4-java-1.7.1.jar;F:\repository\org\xerial\snappy\snappy-java\1.1.7.7\snappy-java-1.1.7.7.jar;F:\repository\org\jetbrains\kotlin\kotlin-stdlib\1.5.0\kotlin-stdlib-1.5.0.jar;F:\repository\org\jetbrains\annotations\13.0\annotations-13.0.jar;F:\repository\org\jetbrains\kotlin\kotlin-stdlib-common\1.5.0\kotlin-stdlib-common-1.5.0.jar;F:\repository\com\google\code\findbugs\jsr305\3.0.2\jsr305-3.0.2.jar;F:\repository\com\baomidou\mybatis-plus-boot-starter\3.4.3\mybatis-plus-boot-starter-3.4.3.jar;F:\repository\com\baomidou\mybatis-plus\3.4.3\mybatis-plus-3.4.3.jar;F:\repository\org\springframework\boot\spring-boot-autoconfigure\2.5.0\spring-boot-autoconfigure-2.5.0.jar;F:\repository\org\springframework\boot\spring-boot-starter-jdbc\2.5.0\spring-boot-starter-jdbc-2.5.0.jar;F:\repository\com\zaxxer\HikariCP\4.0.3\HikariCP-4.0.3.jar;F:\repository\org\springframework\spring-jdbc\5.3.7\spring-jdbc-5.3.7.jar;F:\repository\com\alibaba\fastjson\1.2.75\fastjson-1.2.75.jar;F:\repository\mysql\mysql-connector-java\5.1.47\mysql-connector-java-5.1.47.jar;F:\repository\com\alibaba\druid-spring-boot-starter\1.1.22\druid-spring-boot-starter-1.1.22.jar;F:\repository\com\alibaba\druid\1.2.4\druid-1.2.4.jar;F:\repository\org\slf4j\slf4j-api\1.7.30\slf4j-api-1.7.30.jar;F:\repository\com\baomidou\mybatis-plus-generator\3.4.1\mybatis-plus-generator-3.4.1.jar;F:\repository\com\baomidou\mybatis-plus-extension\3.4.1\mybatis-plus-extension-3.4.1.jar;F:\repository\com\baomidou\mybatis-plus-core\3.4.1\mybatis-plus-core-3.4.1.jar;F:\repository\com\baomidou\mybatis-plus-annotation\3.4.1\mybatis-plus-annotation-3.4.1.jar;F:\repository\com\github\jsqlparser\jsqlparser\3.2\jsqlparser-3.2.jar;F:\repository\org\mybatis\mybatis\3.5.6\mybatis-3.5.6.jar;F:\repository\org\mybatis\mybatis-spring\2.0.5\mybatis-spring-2.0.5.jar;F:\repository\org\springframework\data\spring-data-elasticsearch\4.2.1\spring-data-elasticsearch-4.2.1.jar;F:\repository\org\springframework\data\spring-data-commons\2.5.1\spring-data-commons-2.5.1.jar;F:\repository\org\elasticsearch\client\transport\7.12.1\transport-7.12.1.jar;F:\repository\org\elasticsearch\elasticsearch\7.12.1\elasticsearch-7.12.1.jar;F:\repository\org\elasticsearch\elasticsearch-core\7.12.1\elasticsearch-core-7.12.1.jar;F:\repository\org\elasticsearch\elasticsearch-secure-sm\7.12.1\elasticsearch-secure-sm-7.12.1.jar;F:\repository\org\elasticsearch\elasticsearch-x-content\7.12.1\elasticsearch-x-content-7.12.1.jar;F:\repository\com\fasterxml\jackson\dataformat\jackson-dataformat-smile\2.12.3\jackson-dataformat-smile-2.12.3.jar;F:\repository\com\fasterxml\jackson\dataformat\jackson-dataformat-yaml\2.12.3\jackson-dataformat-yaml-2.12.3.jar;F:\repository\com\fasterxml\jackson\dataformat\jackson-dataformat-cbor\2.12.3\jackson-dataformat-cbor-2.12.3.jar;F:\repository\org\elasticsearch\elasticsearch-geo\7.12.1\elasticsearch-geo-7.12.1.jar;F:\repository\org\apache\lucene\lucene-core\8.8.0\lucene-core-8.8.0.jar;F:\repository\org\apache\lucene\lucene-analyzers-common\8.8.0\lucene-analyzers-common-8.8.0.jar;F:\repository\org\apache\lucene\lucene-backward-codecs\8.8.0\lucene-backward-codecs-8.8.0.jar;F:\repository\org\apache\lucene\lucene-grouping\8.8.0\lucene-grouping-8.8.0.jar;F:\repository\org\apache\lucene\lucene-highlighter\8.8.0\lucene-highlighter-8.8.0.jar;F:\repository\org\apache\lucene\lucene-join\8.8.0\lucene-join-8.8.0.jar;F:\repository\org\apache\lucene\lucene-memory\8.8.0\lucene-memory-8.8.0.jar;F:\repository\org\apache\lucene\lucene-misc\8.8.0\lucene-misc-8.8.0.jar;F:\repository\org\apache\lucene\lucene-queries\8.8.0\lucene-queries-8.8.0.jar;F:\repository\org\apache\lucene\lucene-queryparser\8.8.0\lucene-queryparser-8.8.0.jar;F:\repository\org\apache\lucene\lucene-sandbox\8.8.0\lucene-sandbox-8.8.0.jar;F:\repository\org\apache\lucene\lucene-spatial-extras\8.8.0\lucene-spatial-extras-8.8.0.jar;F:\repository\org\apache\lucene\lucene-spatial3d\8.8.0\lucene-spatial3d-8.8.0.jar;F:\repository\org\apache\lucene\lucene-suggest\8.8.0\lucene-suggest-8.8.0.jar;F:\repository\org\elasticsearch\elasticsearch-cli\7.12.1\elasticsearch-cli-7.12.1.jar;F:\repository\net\sf\jopt-simple\jopt-simple\5.0.2\jopt-simple-5.0.2.jar;F:\repository\com\carrotsearch\hppc\0.8.1\hppc-0.8.1.jar;F:\repository\joda-time\joda-time\2.10.4\joda-time-2.10.4.jar;F:\repository\com\tdunning\t-digest\3.2\t-digest-3.2.jar;F:\repository\org\hdrhistogram\HdrHistogram\2.1.9\HdrHistogram-2.1.9.jar;F:\repository\org\apache\logging\log4j\log4j-api\2.14.1\log4j-api-2.14.1.jar;F:\repository\org\elasticsearch\jna\5.7.0-1\jna-5.7.0-1.jar;F:\repository\org\elasticsearch\elasticsearch-plugin-classloader\7.12.1\elasticsearch-plugin-classloader-7.12.1.jar;F:\repository\org\elasticsearch\plugin\reindex-client\7.12.1\reindex-client-7.12.1.jar;F:\repository\org\elasticsearch\elasticsearch-ssl-config\7.12.1\elasticsearch-ssl-config-7.12.1.jar;F:\repository\org\elasticsearch\plugin\lang-mustache-client\7.12.1\lang-mustache-client-7.12.1.jar;F:\repository\com\github\spullara\mustache\java\compiler\0.9.6\compiler-0.9.6.jar;F:\repository\org\elasticsearch\plugin\percolator-client\7.12.1\percolator-client-7.12.1.jar;F:\repository\org\elasticsearch\plugin\parent-join-client\7.12.1\parent-join-client-7.12.1.jar;F:\repository\org\elasticsearch\plugin\rank-eval-client\7.12.1\rank-eval-client-7.12.1.jar;F:\repository\org\elasticsearch\plugin\transport-netty4-client\7.12.1\transport-netty4-client-7.12.1.jar;F:\repository\io\netty\netty-buffer\4.1.65.Final\netty-buffer-4.1.65.Final.jar;F:\repository\io\netty\netty-codec\4.1.65.Final\netty-codec-4.1.65.Final.jar;F:\repository\io\netty\netty-codec-http\4.1.65.Final\netty-codec-http-4.1.65.Final.jar;F:\repository\io\netty\netty-common\4.1.65.Final\netty-common-4.1.65.Final.jar;F:\repository\io\netty\netty-handler\4.1.65.Final\netty-handler-4.1.65.Final.jar;F:\repository\io\netty\netty-resolver\4.1.65.Final\netty-resolver-4.1.65.Final.jar;F:\repository\io\netty\netty-transport\4.1.65.Final\netty-transport-4.1.65.Final.jar;F:\repository\org\elasticsearch\client\elasticsearch-rest-high-level-client\7.12.1\elasticsearch-rest-high-level-client-7.12.1.jar;F:\repository\org\elasticsearch\client\elasticsearch-rest-client\7.12.1\elasticsearch-rest-client-7.12.1.jar;F:\repository\org\apache\httpcomponents\httpcore\4.4.14\httpcore-4.4.14.jar;F:\repository\org\apache\httpcomponents\httpasyncclient\4.1.4\httpasyncclient-4.1.4.jar;F:\repository\org\apache\httpcomponents\httpcore-nio\4.4.14\httpcore-nio-4.4.14.jar;F:\repository\org\elasticsearch\plugin\mapper-extras-client\7.12.1\mapper-extras-client-7.12.1.jar;F:\repository\org\elasticsearch\plugin\aggs-matrix-stats-client\7.12.1\aggs-matrix-stats-client-7.12.1.jar;F:\repository\com\fasterxml\jackson\core\jackson-core\2.12.3\jackson-core-2.12.3.jar;F:\repository\com\fasterxml\jackson\core\jackson-databind\2.12.3\jackson-databind-2.12.3.jar;F:\repository\com\fasterxml\jackson\core\jackson-annotations\2.12.3\jackson-annotations-2.12.3.jar;F:\repository\org\apache\velocity\velocity-engine-core\2.3\velocity-engine-core-2.3.jar;F:\repository\org\apache\commons\commons-lang3\3.12.0\commons-lang3-3.12.0.jar;F:\repository\org\apache\hbase\hbase-client\2.4.2\hbase-client-2.4.2.jar;F:\repository\org\apache\hbase\thirdparty\hbase-shaded-protobuf\3.4.1\hbase-shaded-protobuf-3.4.1.jar;F:\repository\org\apache\hbase\hbase-common\2.4.2\hbase-common-2.4.2.jar;F:\repository\org\apache\hbase\hbase-logging\2.4.2\hbase-logging-2.4.2.jar;F:\repository\org\apache\hbase\thirdparty\hbase-shaded-gson\3.4.1\hbase-shaded-gson-3.4.1.jar;F:\repository\org\apache\hbase\hbase-hadoop-compat\2.4.2\hbase-hadoop-compat-2.4.2.jar;F:\repository\org\apache\hbase\hbase-metrics-api\2.4.2\hbase-metrics-api-2.4.2.jar;F:\repository\org\apache\hbase\hbase-hadoop2-compat\2.4.2\hbase-hadoop2-compat-2.4.2.jar;F:\repository\org\apache\hbase\hbase-metrics\2.4.2\hbase-metrics-2.4.2.jar;F:\repository\javax\activation\javax.activation-api\1.2.0\javax.activation-api-1.2.0.jar;F:\repository\org\apache\hbase\hbase-protocol-shaded\2.4.2\hbase-protocol-shaded-2.4.2.jar;F:\repository\org\apache\hbase\hbase-protocol\2.4.2\hbase-protocol-2.4.2.jar;F:\repository\commons-codec\commons-codec\1.15\commons-codec-1.15.jar;F:\repository\commons-io\commons-io\2.6\commons-io-2.6.jar;F:\repository\org\apache\hbase\thirdparty\hbase-shaded-miscellaneous\3.4.1\hbase-shaded-miscellaneous-3.4.1.jar;F:\repository\com\google\errorprone\error_prone_annotations\2.3.4\error_prone_annotations-2.3.4.jar;F:\repository\com\google\protobuf\protobuf-java\2.5.0\protobuf-java-2.5.0.jar;F:\repository\org\apache\hbase\thirdparty\hbase-shaded-netty\3.4.1\hbase-shaded-netty-3.4.1.jar;F:\repository\org\apache\zookeeper\zookeeper\3.5.7\zookeeper-3.5.7.jar;F:\repository\org\apache\zookeeper\zookeeper-jute\3.5.7\zookeeper-jute-3.5.7.jar;F:\repository\io\netty\netty-transport-native-epoll\4.1.65.Final\netty-transport-native-epoll-4.1.65.Final.jar;F:\repository\io\netty\netty-transport-native-unix-common\4.1.65.Final\netty-transport-native-unix-common-4.1.65.Final.jar;F:\repository\org\apache\htrace\htrace-core4\4.2.0-incubating\htrace-core4-4.2.0-incubating.jar;F:\repository\org\jruby\jcodings\jcodings\1.0.55\jcodings-1.0.55.jar;F:\repository\org\jruby\joni\joni\2.1.31\joni-2.1.31.jar;F:\repository\io\dropwizard\metrics\metrics-core\4.1.21\metrics-core-4.1.21.jar;F:\repository\org\apache\commons\commons-crypto\1.0.0\commons-crypto-1.0.0.jar;F:\repository\org\apache\hadoop\hadoop-auth\2.10.0\hadoop-auth-2.10.0.jar;F:\repository\log4j\log4j\1.2.17\log4j-1.2.17.jar;F:\repository\org\slf4j\slf4j-log4j12\1.7.30\slf4j-log4j12-1.7.30.jar;F:\repository\org\apache\httpcomponents\httpclient\4.5.13\httpclient-4.5.13.jar;F:\repository\com\nimbusds\nimbus-jose-jwt\9.8.1\nimbus-jose-jwt-9.8.1.jar;F:\repository\com\github\stephenc\jcip\jcip-annotations\1.0-1\jcip-annotations-1.0-1.jar;F:\repository\org\apache\directory\server\apacheds-kerberos-codec\2.0.0-M15\apacheds-kerberos-codec-2.0.0-M15.jar;F:\repository\org\apache\directory\server\apacheds-i18n\2.0.0-M15\apacheds-i18n-2.0.0-M15.jar;F:\repository\org\apache\directory\api\api-asn1-api\1.0.0-M20\api-asn1-api-1.0.0-M20.jar;F:\repository\org\apache\directory\api\api-util\1.0.0-M20\api-util-1.0.0-M20.jar;F:\repository\org\apache\curator\curator-framework\2.7.1\curator-framework-2.7.1.jar;F:\repository\org\apache\hadoop\hadoop-common\2.10.0\hadoop-common-2.10.0.jar;F:\repository\org\apache\hadoop\hadoop-annotations\2.10.0\hadoop-annotations-2.10.0.jar;F:\repository\com\google\guava\guava\11.0.2\guava-11.0.2.jar;F:\repository\commons-cli\commons-cli\1.2\commons-cli-1.2.jar;F:\repository\org\apache\commons\commons-math3\3.1.1\commons-math3-3.1.1.jar;F:\repository\xmlenc\xmlenc\0.52\xmlenc-0.52.jar;F:\repository\commons-net\commons-net\3.1\commons-net-3.1.jar;F:\repository\commons-collections\commons-collections\3.2.2\commons-collections-3.2.2.jar;F:\repository\org\mortbay\jetty\jetty-sslengine\6.1.26\jetty-sslengine-6.1.26.jar;F:\repository\commons-logging\commons-logging\1.1.3\commons-logging-1.1.3.jar;F:\repository\commons-lang\commons-lang\2.6\commons-lang-2.6.jar;F:\repository\commons-configuration\commons-configuration\1.6\commons-configuration-1.6.jar;F:\repository\commons-digester\commons-digester\1.8\commons-digester-1.8.jar;F:\repository\commons-beanutils\commons-beanutils\1.9.4\commons-beanutils-1.9.4.jar;F:\repository\org\codehaus\jackson\jackson-core-asl\1.9.13\jackson-core-asl-1.9.13.jar;F:\repository\org\codehaus\jackson\jackson-mapper-asl\1.9.13\jackson-mapper-asl-1.9.13.jar;F:\repository\org\apache\avro\avro\1.7.7\avro-1.7.7.jar;F:\repository\com\thoughtworks\paranamer\paranamer\2.3\paranamer-2.3.jar;F:\repository\com\google\code\gson\gson\2.8.6\gson-2.8.6.jar;F:\repository\com\jcraft\jsch\0.1.54\jsch-0.1.54.jar;F:\repository\org\apache\curator\curator-client\2.7.1\curator-client-2.7.1.jar;F:\repository\org\apache\curator\curator-recipes\2.7.1\curator-recipes-2.7.1.jar;F:\repository\org\apache\commons\commons-compress\1.19\commons-compress-1.19.jar;F:\repository\org\codehaus\woodstox\stax2-api\3.1.4\stax2-api-3.1.4.jar;F:\repository\com\fasterxml\woodstox\woodstox-core\5.0.3\woodstox-core-5.0.3.jar;F:\repository\org\apache\yetus\audience-annotations\0.5.0\audience-annotations-0.5.0.jar;D:\software\IntelliJ IDEA 2021.1.1\lib\idea_rt.jar
Client environment:java.library.path=C:\Program Files\Java\jdk1.8.0_151\bin;C:\Windows\Sun\Java\bin;C:\Windows\system32;C:\Windows;C:\Program Files\MIT\Kerberos\bin;C:\Program Files\Java\jdk1.8.0_151\bin;C:\Program Files\Java\jdk1.8.0_151\jre\bin;C:\ProgramData\Oracle\Java\javapath;D:\software\xshell\;D:\software\xftp\;C:\Windows\system32;C:\Windows;C:\Windows\System32\Wbem;C:\Windows\System32\WindowsPowerShell\v1.0\;C:\Windows\System32\OpenSSH\;C:\Program Files (x86)\NVIDIA Corporation\PhysX\Common;C:\Program Files\NVIDIA Corporation\NVIDIA NvDLISR;C:\Program Files\scala\bin;C:\Program Files\TortoiseSVN\bin;D:\opensource\hadoop-2.7.2\bin;D:\opensource\anaconda;D:\opensource\anaconda\Scripts;D:\opensource\anaconda\Library\bin;D:\software\apache-maven-3.5.4\bin;D:\software\MinGW\bin;D:\software\Redis\;D:\software\nodejs\;D:\software\Git\cmd;F:\softs\selenium;F:\softs\selenium\chromedriver_win32;D:\BaiduNetdiskDownload\BigData\032_Spark\resource\spark-2.1.1-bin-hadoop2.7\spark-2.1.1-bin-hadoop2.7\bin\;D:\BaiduNetdiskDownload\BigData\032_Spark\resource\spark-2.1.1-bin-hadoop2.7\spark-2.1.1-bin-hadoop2.7\sbin\;F:\softs\spark\spark-3.1.1-bin-hadoop2.7\bin;F:\softs\spark\spark-3.1.1-bin-hadoop2.7\sbin;F:\softs\flink\bin;D:\Program Files\Go\bin;F:\softs\Kubernetes\Minikube;;C:\Program Files\Docker\Docker\resources\bin;C:\ProgramData\DockerDesktop\version-bin;C:\Users\Machenike\AppData\Local\Microsoft\WindowsApps;D:\software\PyCharm 2019.1.2\bin;D:\software\nodejs\node_global;D:\software\clion\CLion 2020.2\bin;D:\software\fiddler;C:\Users\Machenike\AppData\Roaming\npm;%DevEco Studio%;D:\software\IntelliJ IDEA 2021.1.1\bin;;D:\software\PyCharm 2021.1.1\bin;;D:\software\CLion 2021.1.1\bin;;C:\Users\Machenike\go\bin;D:\software\GoLand 2021.1.3\bin;;.
Client environment:java.io.tmpdir=C:\Users\MACHEN~1\AppData\Local\Temp\
Client environment:java.compiler=<NA>
Client environment:os.name=Windows 10
Client environment:os.arch=amd64
Client environment:os.version=10.0
Client environment:user.name=Machenike
Client environment:user.home=C:\Users\Machenike
Client environment:user.dir=D:\IdeaProject\gmail
Client environment:os.memory.free=288MB
Client environment:os.memory.max=5436MB
Client environment:os.memory.total=443MB
Initiating client connection, connectString=master02:2181,slave01:2181,master01:2181 sessionTimeout=60000 watcher=org.apache.hadoop.hbase.zookeeper.ReadOnlyZKClient$$Lambda$1128/2037536144@5f827edc
Setting -D jdk.tls.rejectClientInitiatedRenegotiation=true to disable client-initiated TLS renegotiation
jute.maxbuffer value is 4194304 Bytes
zookeeper.request.timeout value is 0. feature enabled=
Opening socket connection to server master02/192.168.5.128:2181. Will not attempt to authenticate using SASL (unknown error)
Socket connection established, initiating session, client: /192.168.1.210:6133, server: master02/192.168.5.128:2181
Session establishment complete on server master02/192.168.5.128:2181, sessionid = 0x17a8a9d5b027e19, negotiated timeout = 60000
Session: 0x17a8a9d5b027e19 closed
EventThread shut down for session: 0x17a8a9d5b027e19
Starting App using Java 1.8.0_151 on DESKTOP-AGBUJPR with PID 20384 (D:\IdeaProject\gmail\gmail-logger\target\classes started by Machenike in D:\IdeaProject\gmail)
No active profile set, falling back to default profiles: default
For Jackson Kotlin classes support please add "com.fasterxml.jackson.module:jackson-module-kotlin" to the classpath
Bootstrapping Spring Data Elasticsearch repositories in DEFAULT mode.
Finished Spring Data repository scanning in 6 ms. Found 0 Elasticsearch repository interfaces.
Bootstrapping Spring Data Reactive Elasticsearch repositories in DEFAULT mode.
Finished Spring Data repository scanning in 2 ms. Found 0 Reactive Elasticsearch repository interfaces.
Tomcat initialized with port(s): 8005 (http)
Initializing ProtocolHandler ["http-nio-8005"]
Starting service [Tomcat]
Starting Servlet engine: [Apache Tomcat/9.0.46]
An older version [1.2.21] of the Apache Tomcat Native library is installed, while Tomcat recommends a minimum version of [1.2.23]
Loaded Apache Tomcat Native library [1.2.21] using APR version [1.6.5].
APR capabilities: IPv6 [true], sendfile [true], accept filters [false], random [true].
APR/OpenSSL configuration: useAprConnector [false], useOpenSSL [true]
OpenSSL successfully initialized [OpenSSL 1.0.2q  20 Nov 2018]
Initializing Spring embedded WebApplicationContext
Root WebApplicationContext: initialization completed in 2198 ms
Init DruidDataSource
{dataSource-1} inited
Version Spring Data Elasticsearch: 4.2.1
Version Elasticsearch Client in build: 7.12.1
Version Elasticsearch Client used: 7.12.1
Starting ProtocolHandler ["http-nio-8005"]
Tomcat started on port(s): 8005 (http) with context path ''
Started App in 8.212 seconds (JVM running for 10.008)
Application availability state LivenessState changed to CORRECT
Application availability state ReadinessState changed to ACCEPTING_TRAFFIC
Initializing Spring DispatcherServlet 'dispatcherServlet'
Initializing Servlet 'dispatcherServlet'
Completed initialization in 1 ms
Chore ScheduledChore name=RefreshCredentials, period=30000, unit=MILLISECONDS is enabled.
Client environment:zookeeper.version=3.5.7-f0fdd52973d373ffd9c86b81d99842dc2c7f660e, built on 02/10/2020 11:30 GMT
Client environment:host.name=DESKTOP-AGBUJPR
Client environment:java.version=1.8.0_151
Client environment:java.vendor=Oracle Corporation
Client environment:java.home=C:\Program Files\Java\jdk1.8.0_151\jre
Client environment:java.class.path=C:\Program Files\Java\jdk1.8.0_151\jre\lib\charsets.jar;C:\Program Files\Java\jdk1.8.0_151\jre\lib\deploy.jar;C:\Program Files\Java\jdk1.8.0_151\jre\lib\ext\access-bridge-64.jar;C:\Program Files\Java\jdk1.8.0_151\jre\lib\ext\cldrdata.jar;C:\Program Files\Java\jdk1.8.0_151\jre\lib\ext\dnsns.jar;C:\Program Files\Java\jdk1.8.0_151\jre\lib\ext\jaccess.jar;C:\Program Files\Java\jdk1.8.0_151\jre\lib\ext\jfxrt.jar;C:\Program Files\Java\jdk1.8.0_151\jre\lib\ext\localedata.jar;C:\Program Files\Java\jdk1.8.0_151\jre\lib\ext\nashorn.jar;C:\Program Files\Java\jdk1.8.0_151\jre\lib\ext\sunec.jar;C:\Program Files\Java\jdk1.8.0_151\jre\lib\ext\sunjce_provider.jar;C:\Program Files\Java\jdk1.8.0_151\jre\lib\ext\sunmscapi.jar;C:\Program Files\Java\jdk1.8.0_151\jre\lib\ext\sunpkcs11.jar;C:\Program Files\Java\jdk1.8.0_151\jre\lib\ext\zipfs.jar;C:\Program Files\Java\jdk1.8.0_151\jre\lib\javaws.jar;C:\Program Files\Java\jdk1.8.0_151\jre\lib\jce.jar;C:\Program Files\Java\jdk1.8.0_151\jre\lib\jfr.jar;C:\Program Files\Java\jdk1.8.0_151\jre\lib\jfxswt.jar;C:\Program Files\Java\jdk1.8.0_151\jre\lib\jsse.jar;C:\Program Files\Java\jdk1.8.0_151\jre\lib\management-agent.jar;C:\Program Files\Java\jdk1.8.0_151\jre\lib\plugin.jar;C:\Program Files\Java\jdk1.8.0_151\jre\lib\resources.jar;C:\Program Files\Java\jdk1.8.0_151\jre\lib\rt.jar;D:\IdeaProject\gmail\gmail-logger\target\classes;C:\Users\Machenike\AppData\Local\Coursier\cache\v1\https\repo1.maven.org\maven2\org\scala-lang\scala-library\2.13.5\scala-library-2.13.5.jar;C:\Users\Machenike\AppData\Local\Coursier\cache\v1\https\repo1.maven.org\maven2\org\scala-lang\scala-reflect\2.13.5\scala-reflect-2.13.5.jar;C:\Users\Machenike\AppData\Local\Coursier\cache\v1\https\repo1.maven.org\maven2\org\scala-lang\scala-library\2.13.5\scala-library-2.13.5-sources.jar;C:\Users\Machenike\AppData\Local\Coursier\cache\v1\https\repo1.maven.org\maven2\org\scala-lang\scala-reflect\2.13.5\scala-reflect-2.13.5-sources.jar;F:\repository\org\projectlombok\lombok\1.18.20\lombok-1.18.20.jar;F:\repository\org\springframework\boot\spring-boot-starter-web\2.5.0\spring-boot-starter-web-2.5.0.jar;F:\repository\org\springframework\boot\spring-boot-starter\2.5.0\spring-boot-starter-2.5.0.jar;F:\repository\org\springframework\boot\spring-boot\2.5.0\spring-boot-2.5.0.jar;F:\repository\org\springframework\boot\spring-boot-starter-logging\2.5.0\spring-boot-starter-logging-2.5.0.jar;F:\repository\ch\qos\logback\logback-classic\1.2.3\logback-classic-1.2.3.jar;F:\repository\ch\qos\logback\logback-core\1.2.3\logback-core-1.2.3.jar;F:\repository\org\apache\logging\log4j\log4j-to-slf4j\2.14.1\log4j-to-slf4j-2.14.1.jar;F:\repository\org\slf4j\jul-to-slf4j\1.7.30\jul-to-slf4j-1.7.30.jar;F:\repository\jakarta\annotation\jakarta.annotation-api\1.3.5\jakarta.annotation-api-1.3.5.jar;F:\repository\org\springframework\spring-core\5.3.7\spring-core-5.3.7.jar;F:\repository\org\springframework\spring-jcl\5.3.7\spring-jcl-5.3.7.jar;F:\repository\org\yaml\snakeyaml\1.28\snakeyaml-1.28.jar;F:\repository\org\springframework\boot\spring-boot-starter-json\2.5.0\spring-boot-starter-json-2.5.0.jar;F:\repository\com\fasterxml\jackson\datatype\jackson-datatype-jdk8\2.12.3\jackson-datatype-jdk8-2.12.3.jar;F:\repository\com\fasterxml\jackson\datatype\jackson-datatype-jsr310\2.12.3\jackson-datatype-jsr310-2.12.3.jar;F:\repository\com\fasterxml\jackson\module\jackson-module-parameter-names\2.12.3\jackson-module-parameter-names-2.12.3.jar;F:\repository\org\springframework\boot\spring-boot-starter-tomcat\2.5.0\spring-boot-starter-tomcat-2.5.0.jar;F:\repository\org\apache\tomcat\embed\tomcat-embed-core\9.0.46\tomcat-embed-core-9.0.46.jar;F:\repository\org\apache\tomcat\embed\tomcat-embed-el\9.0.46\tomcat-embed-el-9.0.46.jar;F:\repository\org\apache\tomcat\embed\tomcat-embed-websocket\9.0.46\tomcat-embed-websocket-9.0.46.jar;F:\repository\org\springframework\spring-web\5.3.7\spring-web-5.3.7.jar;F:\repository\org\springframework\spring-beans\5.3.7\spring-beans-5.3.7.jar;F:\repository\org\springframework\spring-webmvc\5.3.7\spring-webmvc-5.3.7.jar;F:\repository\org\springframework\spring-aop\5.3.7\spring-aop-5.3.7.jar;F:\repository\org\springframework\spring-expression\5.3.7\spring-expression-5.3.7.jar;F:\repository\org\springframework\kafka\spring-kafka\2.7.1\spring-kafka-2.7.1.jar;F:\repository\org\springframework\spring-context\5.3.7\spring-context-5.3.7.jar;F:\repository\org\springframework\spring-messaging\5.3.7\spring-messaging-5.3.7.jar;F:\repository\org\springframework\spring-tx\5.3.7\spring-tx-5.3.7.jar;F:\repository\org\springframework\retry\spring-retry\1.3.1\spring-retry-1.3.1.jar;F:\repository\javax\annotation\javax.annotation-api\1.3.2\javax.annotation-api-1.3.2.jar;F:\repository\org\apache\kafka\kafka-clients\2.7.1\kafka-clients-2.7.1.jar;F:\repository\com\github\luben\zstd-jni\1.4.5-6\zstd-jni-1.4.5-6.jar;F:\repository\org\lz4\lz4-java\1.7.1\lz4-java-1.7.1.jar;F:\repository\org\xerial\snappy\snappy-java\1.1.7.7\snappy-java-1.1.7.7.jar;F:\repository\org\jetbrains\kotlin\kotlin-stdlib\1.5.0\kotlin-stdlib-1.5.0.jar;F:\repository\org\jetbrains\annotations\13.0\annotations-13.0.jar;F:\repository\org\jetbrains\kotlin\kotlin-stdlib-common\1.5.0\kotlin-stdlib-common-1.5.0.jar;F:\repository\com\google\code\findbugs\jsr305\3.0.2\jsr305-3.0.2.jar;F:\repository\com\baomidou\mybatis-plus-boot-starter\3.4.3\mybatis-plus-boot-starter-3.4.3.jar;F:\repository\com\baomidou\mybatis-plus\3.4.3\mybatis-plus-3.4.3.jar;F:\repository\org\springframework\boot\spring-boot-autoconfigure\2.5.0\spring-boot-autoconfigure-2.5.0.jar;F:\repository\org\springframework\boot\spring-boot-starter-jdbc\2.5.0\spring-boot-starter-jdbc-2.5.0.jar;F:\repository\com\zaxxer\HikariCP\4.0.3\HikariCP-4.0.3.jar;F:\repository\org\springframework\spring-jdbc\5.3.7\spring-jdbc-5.3.7.jar;F:\repository\com\alibaba\fastjson\1.2.75\fastjson-1.2.75.jar;F:\repository\mysql\mysql-connector-java\5.1.47\mysql-connector-java-5.1.47.jar;F:\repository\com\alibaba\druid-spring-boot-starter\1.1.22\druid-spring-boot-starter-1.1.22.jar;F:\repository\com\alibaba\druid\1.2.4\druid-1.2.4.jar;F:\repository\org\slf4j\slf4j-api\1.7.30\slf4j-api-1.7.30.jar;F:\repository\com\baomidou\mybatis-plus-generator\3.4.1\mybatis-plus-generator-3.4.1.jar;F:\repository\com\baomidou\mybatis-plus-extension\3.4.1\mybatis-plus-extension-3.4.1.jar;F:\repository\com\baomidou\mybatis-plus-core\3.4.1\mybatis-plus-core-3.4.1.jar;F:\repository\com\baomidou\mybatis-plus-annotation\3.4.1\mybatis-plus-annotation-3.4.1.jar;F:\repository\com\github\jsqlparser\jsqlparser\3.2\jsqlparser-3.2.jar;F:\repository\org\mybatis\mybatis\3.5.6\mybatis-3.5.6.jar;F:\repository\org\mybatis\mybatis-spring\2.0.5\mybatis-spring-2.0.5.jar;F:\repository\org\springframework\data\spring-data-elasticsearch\4.2.1\spring-data-elasticsearch-4.2.1.jar;F:\repository\org\springframework\data\spring-data-commons\2.5.1\spring-data-commons-2.5.1.jar;F:\repository\org\elasticsearch\client\transport\7.12.1\transport-7.12.1.jar;F:\repository\org\elasticsearch\elasticsearch\7.12.1\elasticsearch-7.12.1.jar;F:\repository\org\elasticsearch\elasticsearch-core\7.12.1\elasticsearch-core-7.12.1.jar;F:\repository\org\elasticsearch\elasticsearch-secure-sm\7.12.1\elasticsearch-secure-sm-7.12.1.jar;F:\repository\org\elasticsearch\elasticsearch-x-content\7.12.1\elasticsearch-x-content-7.12.1.jar;F:\repository\com\fasterxml\jackson\dataformat\jackson-dataformat-smile\2.12.3\jackson-dataformat-smile-2.12.3.jar;F:\repository\com\fasterxml\jackson\dataformat\jackson-dataformat-yaml\2.12.3\jackson-dataformat-yaml-2.12.3.jar;F:\repository\com\fasterxml\jackson\dataformat\jackson-dataformat-cbor\2.12.3\jackson-dataformat-cbor-2.12.3.jar;F:\repository\org\elasticsearch\elasticsearch-geo\7.12.1\elasticsearch-geo-7.12.1.jar;F:\repository\org\apache\lucene\lucene-core\8.8.0\lucene-core-8.8.0.jar;F:\repository\org\apache\lucene\lucene-analyzers-common\8.8.0\lucene-analyzers-common-8.8.0.jar;F:\repository\org\apache\lucene\lucene-backward-codecs\8.8.0\lucene-backward-codecs-8.8.0.jar;F:\repository\org\apache\lucene\lucene-grouping\8.8.0\lucene-grouping-8.8.0.jar;F:\repository\org\apache\lucene\lucene-highlighter\8.8.0\lucene-highlighter-8.8.0.jar;F:\repository\org\apache\lucene\lucene-join\8.8.0\lucene-join-8.8.0.jar;F:\repository\org\apache\lucene\lucene-memory\8.8.0\lucene-memory-8.8.0.jar;F:\repository\org\apache\lucene\lucene-misc\8.8.0\lucene-misc-8.8.0.jar;F:\repository\org\apache\lucene\lucene-queries\8.8.0\lucene-queries-8.8.0.jar;F:\repository\org\apache\lucene\lucene-queryparser\8.8.0\lucene-queryparser-8.8.0.jar;F:\repository\org\apache\lucene\lucene-sandbox\8.8.0\lucene-sandbox-8.8.0.jar;F:\repository\org\apache\lucene\lucene-spatial-extras\8.8.0\lucene-spatial-extras-8.8.0.jar;F:\repository\org\apache\lucene\lucene-spatial3d\8.8.0\lucene-spatial3d-8.8.0.jar;F:\repository\org\apache\lucene\lucene-suggest\8.8.0\lucene-suggest-8.8.0.jar;F:\repository\org\elasticsearch\elasticsearch-cli\7.12.1\elasticsearch-cli-7.12.1.jar;F:\repository\net\sf\jopt-simple\jopt-simple\5.0.2\jopt-simple-5.0.2.jar;F:\repository\com\carrotsearch\hppc\0.8.1\hppc-0.8.1.jar;F:\repository\joda-time\joda-time\2.10.4\joda-time-2.10.4.jar;F:\repository\com\tdunning\t-digest\3.2\t-digest-3.2.jar;F:\repository\org\hdrhistogram\HdrHistogram\2.1.9\HdrHistogram-2.1.9.jar;F:\repository\org\apache\logging\log4j\log4j-api\2.14.1\log4j-api-2.14.1.jar;F:\repository\org\elasticsearch\jna\5.7.0-1\jna-5.7.0-1.jar;F:\repository\org\elasticsearch\elasticsearch-plugin-classloader\7.12.1\elasticsearch-plugin-classloader-7.12.1.jar;F:\repository\org\elasticsearch\plugin\reindex-client\7.12.1\reindex-client-7.12.1.jar;F:\repository\org\elasticsearch\elasticsearch-ssl-config\7.12.1\elasticsearch-ssl-config-7.12.1.jar;F:\repository\org\elasticsearch\plugin\lang-mustache-client\7.12.1\lang-mustache-client-7.12.1.jar;F:\repository\com\github\spullara\mustache\java\compiler\0.9.6\compiler-0.9.6.jar;F:\repository\org\elasticsearch\plugin\percolator-client\7.12.1\percolator-client-7.12.1.jar;F:\repository\org\elasticsearch\plugin\parent-join-client\7.12.1\parent-join-client-7.12.1.jar;F:\repository\org\elasticsearch\plugin\rank-eval-client\7.12.1\rank-eval-client-7.12.1.jar;F:\repository\org\elasticsearch\plugin\transport-netty4-client\7.12.1\transport-netty4-client-7.12.1.jar;F:\repository\io\netty\netty-buffer\4.1.65.Final\netty-buffer-4.1.65.Final.jar;F:\repository\io\netty\netty-codec\4.1.65.Final\netty-codec-4.1.65.Final.jar;F:\repository\io\netty\netty-codec-http\4.1.65.Final\netty-codec-http-4.1.65.Final.jar;F:\repository\io\netty\netty-common\4.1.65.Final\netty-common-4.1.65.Final.jar;F:\repository\io\netty\netty-handler\4.1.65.Final\netty-handler-4.1.65.Final.jar;F:\repository\io\netty\netty-resolver\4.1.65.Final\netty-resolver-4.1.65.Final.jar;F:\repository\io\netty\netty-transport\4.1.65.Final\netty-transport-4.1.65.Final.jar;F:\repository\org\elasticsearch\client\elasticsearch-rest-high-level-client\7.12.1\elasticsearch-rest-high-level-client-7.12.1.jar;F:\repository\org\elasticsearch\client\elasticsearch-rest-client\7.12.1\elasticsearch-rest-client-7.12.1.jar;F:\repository\org\apache\httpcomponents\httpcore\4.4.14\httpcore-4.4.14.jar;F:\repository\org\apache\httpcomponents\httpasyncclient\4.1.4\httpasyncclient-4.1.4.jar;F:\repository\org\apache\httpcomponents\httpcore-nio\4.4.14\httpcore-nio-4.4.14.jar;F:\repository\org\elasticsearch\plugin\mapper-extras-client\7.12.1\mapper-extras-client-7.12.1.jar;F:\repository\org\elasticsearch\plugin\aggs-matrix-stats-client\7.12.1\aggs-matrix-stats-client-7.12.1.jar;F:\repository\com\fasterxml\jackson\core\jackson-core\2.12.3\jackson-core-2.12.3.jar;F:\repository\com\fasterxml\jackson\core\jackson-databind\2.12.3\jackson-databind-2.12.3.jar;F:\repository\com\fasterxml\jackson\core\jackson-annotations\2.12.3\jackson-annotations-2.12.3.jar;F:\repository\org\apache\velocity\velocity-engine-core\2.3\velocity-engine-core-2.3.jar;F:\repository\org\apache\commons\commons-lang3\3.12.0\commons-lang3-3.12.0.jar;F:\repository\org\apache\hbase\hbase-client\2.4.2\hbase-client-2.4.2.jar;F:\repository\org\apache\hbase\thirdparty\hbase-shaded-protobuf\3.4.1\hbase-shaded-protobuf-3.4.1.jar;F:\repository\org\apache\hbase\hbase-common\2.4.2\hbase-common-2.4.2.jar;F:\repository\org\apache\hbase\hbase-logging\2.4.2\hbase-logging-2.4.2.jar;F:\repository\org\apache\hbase\thirdparty\hbase-shaded-gson\3.4.1\hbase-shaded-gson-3.4.1.jar;F:\repository\org\apache\hbase\hbase-hadoop-compat\2.4.2\hbase-hadoop-compat-2.4.2.jar;F:\repository\org\apache\hbase\hbase-metrics-api\2.4.2\hbase-metrics-api-2.4.2.jar;F:\repository\org\apache\hbase\hbase-hadoop2-compat\2.4.2\hbase-hadoop2-compat-2.4.2.jar;F:\repository\org\apache\hbase\hbase-metrics\2.4.2\hbase-metrics-2.4.2.jar;F:\repository\javax\activation\javax.activation-api\1.2.0\javax.activation-api-1.2.0.jar;F:\repository\org\apache\hbase\hbase-protocol-shaded\2.4.2\hbase-protocol-shaded-2.4.2.jar;F:\repository\org\apache\hbase\hbase-protocol\2.4.2\hbase-protocol-2.4.2.jar;F:\repository\commons-codec\commons-codec\1.15\commons-codec-1.15.jar;F:\repository\commons-io\commons-io\2.6\commons-io-2.6.jar;F:\repository\org\apache\hbase\thirdparty\hbase-shaded-miscellaneous\3.4.1\hbase-shaded-miscellaneous-3.4.1.jar;F:\repository\com\google\errorprone\error_prone_annotations\2.3.4\error_prone_annotations-2.3.4.jar;F:\repository\com\google\protobuf\protobuf-java\2.5.0\protobuf-java-2.5.0.jar;F:\repository\org\apache\hbase\thirdparty\hbase-shaded-netty\3.4.1\hbase-shaded-netty-3.4.1.jar;F:\repository\org\apache\zookeeper\zookeeper\3.5.7\zookeeper-3.5.7.jar;F:\repository\org\apache\zookeeper\zookeeper-jute\3.5.7\zookeeper-jute-3.5.7.jar;F:\repository\io\netty\netty-transport-native-epoll\4.1.65.Final\netty-transport-native-epoll-4.1.65.Final.jar;F:\repository\io\netty\netty-transport-native-unix-common\4.1.65.Final\netty-transport-native-unix-common-4.1.65.Final.jar;F:\repository\org\apache\htrace\htrace-core4\4.2.0-incubating\htrace-core4-4.2.0-incubating.jar;F:\repository\org\jruby\jcodings\jcodings\1.0.55\jcodings-1.0.55.jar;F:\repository\org\jruby\joni\joni\2.1.31\joni-2.1.31.jar;F:\repository\io\dropwizard\metrics\metrics-core\4.1.21\metrics-core-4.1.21.jar;F:\repository\org\apache\commons\commons-crypto\1.0.0\commons-crypto-1.0.0.jar;F:\repository\org\apache\hadoop\hadoop-auth\2.10.0\hadoop-auth-2.10.0.jar;F:\repository\log4j\log4j\1.2.17\log4j-1.2.17.jar;F:\repository\org\slf4j\slf4j-log4j12\1.7.30\slf4j-log4j12-1.7.30.jar;F:\repository\org\apache\httpcomponents\httpclient\4.5.13\httpclient-4.5.13.jar;F:\repository\com\nimbusds\nimbus-jose-jwt\9.8.1\nimbus-jose-jwt-9.8.1.jar;F:\repository\com\github\stephenc\jcip\jcip-annotations\1.0-1\jcip-annotations-1.0-1.jar;F:\repository\org\apache\directory\server\apacheds-kerberos-codec\2.0.0-M15\apacheds-kerberos-codec-2.0.0-M15.jar;F:\repository\org\apache\directory\server\apacheds-i18n\2.0.0-M15\apacheds-i18n-2.0.0-M15.jar;F:\repository\org\apache\directory\api\api-asn1-api\1.0.0-M20\api-asn1-api-1.0.0-M20.jar;F:\repository\org\apache\directory\api\api-util\1.0.0-M20\api-util-1.0.0-M20.jar;F:\repository\org\apache\curator\curator-framework\2.7.1\curator-framework-2.7.1.jar;F:\repository\org\apache\hadoop\hadoop-common\2.10.0\hadoop-common-2.10.0.jar;F:\repository\org\apache\hadoop\hadoop-annotations\2.10.0\hadoop-annotations-2.10.0.jar;F:\repository\com\google\guava\guava\11.0.2\guava-11.0.2.jar;F:\repository\commons-cli\commons-cli\1.2\commons-cli-1.2.jar;F:\repository\org\apache\commons\commons-math3\3.1.1\commons-math3-3.1.1.jar;F:\repository\xmlenc\xmlenc\0.52\xmlenc-0.52.jar;F:\repository\commons-net\commons-net\3.1\commons-net-3.1.jar;F:\repository\commons-collections\commons-collections\3.2.2\commons-collections-3.2.2.jar;F:\repository\org\mortbay\jetty\jetty-sslengine\6.1.26\jetty-sslengine-6.1.26.jar;F:\repository\commons-logging\commons-logging\1.1.3\commons-logging-1.1.3.jar;F:\repository\commons-lang\commons-lang\2.6\commons-lang-2.6.jar;F:\repository\commons-configuration\commons-configuration\1.6\commons-configuration-1.6.jar;F:\repository\commons-digester\commons-digester\1.8\commons-digester-1.8.jar;F:\repository\commons-beanutils\commons-beanutils\1.9.4\commons-beanutils-1.9.4.jar;F:\repository\org\codehaus\jackson\jackson-core-asl\1.9.13\jackson-core-asl-1.9.13.jar;F:\repository\org\codehaus\jackson\jackson-mapper-asl\1.9.13\jackson-mapper-asl-1.9.13.jar;F:\repository\org\apache\avro\avro\1.7.7\avro-1.7.7.jar;F:\repository\com\thoughtworks\paranamer\paranamer\2.3\paranamer-2.3.jar;F:\repository\com\google\code\gson\gson\2.8.6\gson-2.8.6.jar;F:\repository\com\jcraft\jsch\0.1.54\jsch-0.1.54.jar;F:\repository\org\apache\curator\curator-client\2.7.1\curator-client-2.7.1.jar;F:\repository\org\apache\curator\curator-recipes\2.7.1\curator-recipes-2.7.1.jar;F:\repository\org\apache\commons\commons-compress\1.19\commons-compress-1.19.jar;F:\repository\org\codehaus\woodstox\stax2-api\3.1.4\stax2-api-3.1.4.jar;F:\repository\com\fasterxml\woodstox\woodstox-core\5.0.3\woodstox-core-5.0.3.jar;F:\repository\org\apache\yetus\audience-annotations\0.5.0\audience-annotations-0.5.0.jar;D:\software\IntelliJ IDEA 2021.1.1\lib\idea_rt.jar
Client environment:java.library.path=C:\Program Files\Java\jdk1.8.0_151\bin;C:\Windows\Sun\Java\bin;C:\Windows\system32;C:\Windows;C:\Program Files\MIT\Kerberos\bin;C:\Program Files\Java\jdk1.8.0_151\bin;C:\Program Files\Java\jdk1.8.0_151\jre\bin;C:\ProgramData\Oracle\Java\javapath;D:\software\xshell\;D:\software\xftp\;C:\Windows\system32;C:\Windows;C:\Windows\System32\Wbem;C:\Windows\System32\WindowsPowerShell\v1.0\;C:\Windows\System32\OpenSSH\;C:\Program Files (x86)\NVIDIA Corporation\PhysX\Common;C:\Program Files\NVIDIA Corporation\NVIDIA NvDLISR;C:\Program Files\scala\bin;C:\Program Files\TortoiseSVN\bin;D:\opensource\hadoop-2.7.2\bin;D:\opensource\anaconda;D:\opensource\anaconda\Scripts;D:\opensource\anaconda\Library\bin;D:\software\apache-maven-3.5.4\bin;D:\software\MinGW\bin;D:\software\Redis\;D:\software\nodejs\;D:\software\Git\cmd;F:\softs\selenium;F:\softs\selenium\chromedriver_win32;D:\BaiduNetdiskDownload\BigData\032_Spark\resource\spark-2.1.1-bin-hadoop2.7\spark-2.1.1-bin-hadoop2.7\bin\;D:\BaiduNetdiskDownload\BigData\032_Spark\resource\spark-2.1.1-bin-hadoop2.7\spark-2.1.1-bin-hadoop2.7\sbin\;F:\softs\spark\spark-3.1.1-bin-hadoop2.7\bin;F:\softs\spark\spark-3.1.1-bin-hadoop2.7\sbin;F:\softs\flink\bin;D:\Program Files\Go\bin;F:\softs\Kubernetes\Minikube;;C:\Program Files\Docker\Docker\resources\bin;C:\ProgramData\DockerDesktop\version-bin;C:\Users\Machenike\AppData\Local\Microsoft\WindowsApps;D:\software\PyCharm 2019.1.2\bin;D:\software\nodejs\node_global;D:\software\clion\CLion 2020.2\bin;D:\software\fiddler;C:\Users\Machenike\AppData\Roaming\npm;%DevEco Studio%;D:\software\IntelliJ IDEA 2021.1.1\bin;;D:\software\PyCharm 2021.1.1\bin;;D:\software\CLion 2021.1.1\bin;;C:\Users\Machenike\go\bin;D:\software\GoLand 2021.1.3\bin;;.
Client environment:java.io.tmpdir=C:\Users\MACHEN~1\AppData\Local\Temp\
Client environment:java.compiler=<NA>
Client environment:os.name=Windows 10
Client environment:os.arch=amd64
Client environment:os.version=10.0
Client environment:user.name=Machenike
Client environment:user.home=C:\Users\Machenike
Client environment:user.dir=D:\IdeaProject\gmail
Client environment:os.memory.free=291MB
Client environment:os.memory.max=5436MB
Client environment:os.memory.total=443MB
Initiating client connection, connectString=master02:2181,slave01:2181,master01:2181 sessionTimeout=60000 watcher=org.apache.hadoop.hbase.zookeeper.ReadOnlyZKClient$$Lambda$1128/1852157622@42338ecc
Setting -D jdk.tls.rejectClientInitiatedRenegotiation=true to disable client-initiated TLS renegotiation
jute.maxbuffer value is 4194304 Bytes
zookeeper.request.timeout value is 0. feature enabled=
Opening socket connection to server master01/192.168.5.153:2181. Will not attempt to authenticate using SASL (unknown error)
Socket connection established, initiating session, client: /192.168.1.210:6328, server: master01/192.168.5.153:2181
Session establishment complete on server master01/192.168.5.153:2181, sessionid = 0x37ace2130dc1f1e, negotiated timeout = 60000
query starting......
Session: 0x37ace2130dc1f1e closed
EventThread shut down for session: 0x37ace2130dc1f1e
